{"C:\\Users\\Sean\\Documents\\My Web Sites\\Escalation\\lib\\controllers\\ApplicationController.js":{"path":"C:\\Users\\Sean\\Documents\\My Web Sites\\Escalation\\lib\\controllers\\ApplicationController.js","s":{"1":1,"2":1,"3":25,"4":25,"5":25,"6":25,"7":1,"8":2,"9":2,"10":4,"11":2,"12":1,"13":16,"14":16,"15":16,"16":16,"17":9,"18":16,"19":1,"20":3,"21":3,"22":3,"23":2,"24":3,"25":1,"26":1,"27":1,"28":1,"29":1,"30":1,"31":6,"32":6,"33":6,"34":6,"35":3,"36":6,"37":1,"38":2,"39":2,"40":2,"41":1,"42":1,"43":1,"44":1,"45":1,"46":1,"47":1,"48":2,"49":2,"50":2,"51":1,"52":2,"53":1,"54":2,"55":2,"56":2,"57":0,"58":2,"59":2,"60":0,"61":1,"62":1,"63":1,"64":1,"65":1,"66":1,"67":1,"68":0,"69":1,"70":0,"71":0,"72":0,"73":0,"74":0,"75":0,"76":0,"77":1,"78":0,"79":0,"80":0,"81":0,"82":0,"83":0,"84":0},"b":{"1":[16,0],"2":[9,7],"3":[3,0],"4":[2,1],"5":[1,0],"6":[6,0],"7":[3,3],"8":[1,1],"9":[0,2],"10":[2,0],"11":[1,0],"12":[1,0],"13":[0,0],"14":[0,0],"15":[0,0],"16":[0,0]},"f":{"1":25,"2":25,"3":2,"4":2,"5":4,"6":16,"7":16,"8":3,"9":3,"10":1,"11":1,"12":6,"13":6,"14":2,"15":2,"16":1,"17":1,"18":1,"19":1,"20":2,"21":2,"22":2,"23":2,"24":1,"25":1,"26":0,"27":0,"28":0,"29":0},"fnMap":{"1":{"name":"(anonymous_1)","line":15,"loc":{"start":{"line":15,"column":14},"end":{"line":15,"column":47}}},"2":{"name":"(anonymous_2)","line":18,"loc":{"start":{"line":18,"column":21},"end":{"line":18,"column":46}}},"3":{"name":"(anonymous_3)","line":27,"loc":{"start":{"line":27,"column":18},"end":{"line":27,"column":38}}},"4":{"name":"(anonymous_4)","line":31,"loc":{"start":{"line":31,"column":10},"end":{"line":31,"column":31}}},"5":{"name":"(anonymous_5)","line":32,"loc":{"start":{"line":32,"column":21},"end":{"line":32,"column":36}}},"6":{"name":"(anonymous_6)","line":46,"loc":{"start":{"line":46,"column":21},"end":{"line":46,"column":47}}},"7":{"name":"(anonymous_7)","line":52,"loc":{"start":{"line":52,"column":14},"end":{"line":52,"column":34}}},"8":{"name":"(anonymous_8)","line":65,"loc":{"start":{"line":65,"column":22},"end":{"line":65,"column":50}}},"9":{"name":"(anonymous_9)","line":70,"loc":{"start":{"line":70,"column":14},"end":{"line":70,"column":34}}},"10":{"name":"(anonymous_10)","line":83,"loc":{"start":{"line":83,"column":19},"end":{"line":83,"column":44}}},"11":{"name":"(anonymous_11)","line":87,"loc":{"start":{"line":87,"column":10},"end":{"line":87,"column":30}}},"12":{"name":"(anonymous_12)","line":100,"loc":{"start":{"line":100,"column":22},"end":{"line":100,"column":48}}},"13":{"name":"(anonymous_13)","line":103,"loc":{"start":{"line":103,"column":30},"end":{"line":103,"column":50}}},"14":{"name":"(anonymous_14)","line":116,"loc":{"start":{"line":116,"column":23},"end":{"line":116,"column":49}}},"15":{"name":"(anonymous_15)","line":118,"loc":{"start":{"line":118,"column":26},"end":{"line":118,"column":46}}},"16":{"name":"(anonymous_16)","line":127,"loc":{"start":{"line":127,"column":24},"end":{"line":127,"column":51}}},"17":{"name":"(anonymous_17)","line":128,"loc":{"start":{"line":128,"column":28},"end":{"line":128,"column":48}}},"18":{"name":"(anonymous_18)","line":137,"loc":{"start":{"line":137,"column":21},"end":{"line":137,"column":46}}},"19":{"name":"(anonymous_19)","line":139,"loc":{"start":{"line":139,"column":10},"end":{"line":139,"column":30}}},"20":{"name":"(anonymous_20)","line":145,"loc":{"start":{"line":145,"column":24},"end":{"line":145,"column":56}}},"21":{"name":"(anonymous_21)","line":148,"loc":{"start":{"line":148,"column":10},"end":{"line":148,"column":30}}},"22":{"name":"(anonymous_22)","line":156,"loc":{"start":{"line":156,"column":21},"end":{"line":156,"column":53}}},"23":{"name":"(anonymous_23)","line":160,"loc":{"start":{"line":160,"column":10},"end":{"line":160,"column":30}}},"24":{"name":"(anonymous_24)","line":177,"loc":{"start":{"line":177,"column":22},"end":{"line":177,"column":54}}},"25":{"name":"(anonymous_25)","line":181,"loc":{"start":{"line":181,"column":10},"end":{"line":181,"column":30}}},"26":{"name":"(anonymous_26)","line":198,"loc":{"start":{"line":198,"column":21},"end":{"line":198,"column":55}}},"27":{"name":"(anonymous_27)","line":202,"loc":{"start":{"line":202,"column":10},"end":{"line":202,"column":30}}},"28":{"name":"(anonymous_28)","line":219,"loc":{"start":{"line":219,"column":24},"end":{"line":219,"column":60}}},"29":{"name":"(anonymous_29)","line":223,"loc":{"start":{"line":223,"column":10},"end":{"line":223,"column":30}}}},"statementMap":{"1":{"start":{"line":1,"column":0},"end":{"line":5,"column":21}},"2":{"start":{"line":15,"column":0},"end":{"line":21,"column":2}},"3":{"start":{"line":16,"column":4},"end":{"line":16,"column":58}},"4":{"start":{"line":17,"column":4},"end":{"line":17,"column":61}},"5":{"start":{"line":18,"column":4},"end":{"line":20,"column":7}},"6":{"start":{"line":19,"column":8},"end":{"line":19,"column":32}},"7":{"start":{"line":27,"column":0},"end":{"line":38,"column":2}},"8":{"start":{"line":28,"column":4},"end":{"line":37,"column":7}},"9":{"start":{"line":32,"column":8},"end":{"line":34,"column":11}},"10":{"start":{"line":33,"column":12},"end":{"line":33,"column":53}},"11":{"start":{"line":36,"column":8},"end":{"line":36,"column":28}},"12":{"start":{"line":46,"column":0},"end":{"line":58,"column":2}},"13":{"start":{"line":47,"column":4},"end":{"line":57,"column":5}},"14":{"start":{"line":48,"column":8},"end":{"line":48,"column":41}},"15":{"start":{"line":49,"column":8},"end":{"line":56,"column":11}},"16":{"start":{"line":53,"column":12},"end":{"line":54,"column":57}},"17":{"start":{"line":54,"column":16},"end":{"line":54,"column":57}},"18":{"start":{"line":55,"column":12},"end":{"line":55,"column":31}},"19":{"start":{"line":65,"column":0},"end":{"line":76,"column":2}},"20":{"start":{"line":66,"column":4},"end":{"line":75,"column":5}},"21":{"start":{"line":67,"column":8},"end":{"line":74,"column":11}},"22":{"start":{"line":71,"column":12},"end":{"line":72,"column":57}},"23":{"start":{"line":72,"column":16},"end":{"line":72,"column":57}},"24":{"start":{"line":73,"column":12},"end":{"line":73,"column":31}},"25":{"start":{"line":83,"column":0},"end":{"line":92,"column":2}},"26":{"start":{"line":84,"column":4},"end":{"line":91,"column":7}},"27":{"start":{"line":88,"column":8},"end":{"line":89,"column":53}},"28":{"start":{"line":89,"column":12},"end":{"line":89,"column":53}},"29":{"start":{"line":90,"column":8},"end":{"line":90,"column":27}},"30":{"start":{"line":100,"column":0},"end":{"line":110,"column":2}},"31":{"start":{"line":101,"column":4},"end":{"line":101,"column":22}},"32":{"start":{"line":102,"column":4},"end":{"line":109,"column":5}},"33":{"start":{"line":103,"column":8},"end":{"line":108,"column":11}},"34":{"start":{"line":104,"column":12},"end":{"line":106,"column":13}},"35":{"start":{"line":105,"column":16},"end":{"line":105,"column":29}},"36":{"start":{"line":107,"column":12},"end":{"line":107,"column":33}},"37":{"start":{"line":116,"column":0},"end":{"line":121,"column":2}},"38":{"start":{"line":117,"column":4},"end":{"line":117,"column":37}},"39":{"start":{"line":118,"column":4},"end":{"line":120,"column":7}},"40":{"start":{"line":119,"column":8},"end":{"line":119,"column":29}},"41":{"start":{"line":127,"column":0},"end":{"line":131,"column":2}},"42":{"start":{"line":128,"column":4},"end":{"line":130,"column":7}},"43":{"start":{"line":129,"column":8},"end":{"line":129,"column":29}},"44":{"start":{"line":137,"column":0},"end":{"line":142,"column":2}},"45":{"start":{"line":138,"column":4},"end":{"line":141,"column":7}},"46":{"start":{"line":140,"column":8},"end":{"line":140,"column":29}},"47":{"start":{"line":145,"column":0},"end":{"line":154,"column":2}},"48":{"start":{"line":146,"column":4},"end":{"line":146,"column":23}},"49":{"start":{"line":147,"column":4},"end":{"line":153,"column":7}},"50":{"start":{"line":149,"column":8},"end":{"line":151,"column":9}},"51":{"start":{"line":150,"column":12},"end":{"line":150,"column":26}},"52":{"start":{"line":152,"column":8},"end":{"line":152,"column":30}},"53":{"start":{"line":156,"column":0},"end":{"line":175,"column":2}},"54":{"start":{"line":158,"column":4},"end":{"line":158,"column":23}},"55":{"start":{"line":159,"column":4},"end":{"line":174,"column":7}},"56":{"start":{"line":161,"column":8},"end":{"line":163,"column":9}},"57":{"start":{"line":162,"column":12},"end":{"line":162,"column":26}},"58":{"start":{"line":164,"column":8},"end":{"line":173,"column":9}},"59":{"start":{"line":165,"column":12},"end":{"line":170,"column":14}},"60":{"start":{"line":172,"column":12},"end":{"line":172,"column":31}},"61":{"start":{"line":177,"column":0},"end":{"line":196,"column":2}},"62":{"start":{"line":179,"column":4},"end":{"line":179,"column":23}},"63":{"start":{"line":180,"column":4},"end":{"line":195,"column":7}},"64":{"start":{"line":182,"column":8},"end":{"line":184,"column":9}},"65":{"start":{"line":183,"column":12},"end":{"line":183,"column":26}},"66":{"start":{"line":185,"column":8},"end":{"line":194,"column":9}},"67":{"start":{"line":186,"column":12},"end":{"line":191,"column":14}},"68":{"start":{"line":193,"column":12},"end":{"line":193,"column":31}},"69":{"start":{"line":198,"column":0},"end":{"line":217,"column":2}},"70":{"start":{"line":200,"column":4},"end":{"line":200,"column":23}},"71":{"start":{"line":201,"column":4},"end":{"line":216,"column":7}},"72":{"start":{"line":203,"column":8},"end":{"line":205,"column":9}},"73":{"start":{"line":204,"column":12},"end":{"line":204,"column":26}},"74":{"start":{"line":206,"column":8},"end":{"line":215,"column":9}},"75":{"start":{"line":207,"column":12},"end":{"line":212,"column":14}},"76":{"start":{"line":214,"column":12},"end":{"line":214,"column":31}},"77":{"start":{"line":219,"column":0},"end":{"line":244,"column":2}},"78":{"start":{"line":221,"column":4},"end":{"line":221,"column":23}},"79":{"start":{"line":222,"column":4},"end":{"line":243,"column":7}},"80":{"start":{"line":224,"column":8},"end":{"line":226,"column":9}},"81":{"start":{"line":225,"column":12},"end":{"line":225,"column":26}},"82":{"start":{"line":227,"column":8},"end":{"line":242,"column":9}},"83":{"start":{"line":228,"column":12},"end":{"line":239,"column":14}},"84":{"start":{"line":241,"column":12},"end":{"line":241,"column":31}}},"branchMap":{"1":{"line":47,"type":"if","locations":[{"start":{"line":47,"column":4},"end":{"line":47,"column":4}},{"start":{"line":47,"column":4},"end":{"line":47,"column":4}}]},"2":{"line":53,"type":"if","locations":[{"start":{"line":53,"column":12},"end":{"line":53,"column":12}},{"start":{"line":53,"column":12},"end":{"line":53,"column":12}}]},"3":{"line":66,"type":"if","locations":[{"start":{"line":66,"column":4},"end":{"line":66,"column":4}},{"start":{"line":66,"column":4},"end":{"line":66,"column":4}}]},"4":{"line":71,"type":"if","locations":[{"start":{"line":71,"column":12},"end":{"line":71,"column":12}},{"start":{"line":71,"column":12},"end":{"line":71,"column":12}}]},"5":{"line":88,"type":"if","locations":[{"start":{"line":88,"column":8},"end":{"line":88,"column":8}},{"start":{"line":88,"column":8},"end":{"line":88,"column":8}}]},"6":{"line":102,"type":"if","locations":[{"start":{"line":102,"column":4},"end":{"line":102,"column":4}},{"start":{"line":102,"column":4},"end":{"line":102,"column":4}}]},"7":{"line":104,"type":"if","locations":[{"start":{"line":104,"column":12},"end":{"line":104,"column":12}},{"start":{"line":104,"column":12},"end":{"line":104,"column":12}}]},"8":{"line":149,"type":"if","locations":[{"start":{"line":149,"column":8},"end":{"line":149,"column":8}},{"start":{"line":149,"column":8},"end":{"line":149,"column":8}}]},"9":{"line":161,"type":"if","locations":[{"start":{"line":161,"column":8},"end":{"line":161,"column":8}},{"start":{"line":161,"column":8},"end":{"line":161,"column":8}}]},"10":{"line":164,"type":"if","locations":[{"start":{"line":164,"column":8},"end":{"line":164,"column":8}},{"start":{"line":164,"column":8},"end":{"line":164,"column":8}}]},"11":{"line":182,"type":"if","locations":[{"start":{"line":182,"column":8},"end":{"line":182,"column":8}},{"start":{"line":182,"column":8},"end":{"line":182,"column":8}}]},"12":{"line":185,"type":"if","locations":[{"start":{"line":185,"column":8},"end":{"line":185,"column":8}},{"start":{"line":185,"column":8},"end":{"line":185,"column":8}}]},"13":{"line":203,"type":"if","locations":[{"start":{"line":203,"column":8},"end":{"line":203,"column":8}},{"start":{"line":203,"column":8},"end":{"line":203,"column":8}}]},"14":{"line":206,"type":"if","locations":[{"start":{"line":206,"column":8},"end":{"line":206,"column":8}},{"start":{"line":206,"column":8},"end":{"line":206,"column":8}}]},"15":{"line":224,"type":"if","locations":[{"start":{"line":224,"column":8},"end":{"line":224,"column":8}},{"start":{"line":224,"column":8},"end":{"line":224,"column":8}}]},"16":{"line":227,"type":"if","locations":[{"start":{"line":227,"column":8},"end":{"line":227,"column":8}},{"start":{"line":227,"column":8},"end":{"line":227,"column":8}}]}}},"C:\\Users\\Sean\\Documents\\My Web Sites\\Escalation\\lib\\models\\Application.js":{"path":"C:\\Users\\Sean\\Documents\\My Web Sites\\Escalation\\lib\\models\\Application.js","s":{"1":1,"2":1,"3":1},"b":{},"f":{},"fnMap":{},"statementMap":{"1":{"start":{"line":1,"column":0},"end":{"line":2,"column":29}},"2":{"start":{"line":4,"column":0},"end":{"line":22,"column":3}},"3":{"start":{"line":24,"column":0},"end":{"line":24,"column":82}}},"branchMap":{}},"C:\\Users\\Sean\\Documents\\My Web Sites\\Escalation\\lib\\mappers\\ApplicationMapper.js":{"path":"C:\\Users\\Sean\\Documents\\My Web Sites\\Escalation\\lib\\mappers\\ApplicationMapper.js","s":{"1":1,"2":1,"3":29,"4":29,"5":3,"6":29,"7":29,"8":29,"9":29,"10":8,"11":21,"12":29,"13":3,"14":26,"15":29,"16":6,"17":23,"18":29},"b":{"1":[3,26],"2":[8,21],"3":[3,26],"4":[6,23]},"f":{"1":29},"fnMap":{"1":{"name":"(anonymous_1)","line":10,"loc":{"start":{"line":10,"column":19},"end":{"line":10,"column":42}}}},"statementMap":{"1":{"start":{"line":1,"column":0},"end":{"line":2,"column":54}},"2":{"start":{"line":10,"column":0},"end":{"line":33,"column":2}},"3":{"start":{"line":11,"column":4},"end":{"line":11,"column":46}},"4":{"start":{"line":12,"column":4},"end":{"line":13,"column":48}},"5":{"start":{"line":13,"column":8},"end":{"line":13,"column":48}},"6":{"start":{"line":14,"column":4},"end":{"line":14,"column":67}},"7":{"start":{"line":15,"column":4},"end":{"line":15,"column":48}},"8":{"start":{"line":16,"column":4},"end":{"line":16,"column":54}},"9":{"start":{"line":17,"column":4},"end":{"line":21,"column":5}},"10":{"start":{"line":18,"column":8},"end":{"line":18,"column":58}},"11":{"start":{"line":20,"column":8},"end":{"line":20,"column":42}},"12":{"start":{"line":22,"column":4},"end":{"line":26,"column":5}},"13":{"start":{"line":23,"column":8},"end":{"line":23,"column":86}},"14":{"start":{"line":25,"column":8},"end":{"line":25,"column":40}},"15":{"start":{"line":27,"column":4},"end":{"line":31,"column":5}},"16":{"start":{"line":28,"column":8},"end":{"line":28,"column":80}},"17":{"start":{"line":30,"column":8},"end":{"line":30,"column":37}},"18":{"start":{"line":32,"column":4},"end":{"line":32,"column":29}}},"branchMap":{"1":{"line":12,"type":"if","locations":[{"start":{"line":12,"column":4},"end":{"line":12,"column":4}},{"start":{"line":12,"column":4},"end":{"line":12,"column":4}}]},"2":{"line":17,"type":"if","locations":[{"start":{"line":17,"column":4},"end":{"line":17,"column":4}},{"start":{"line":17,"column":4},"end":{"line":17,"column":4}}]},"3":{"line":22,"type":"if","locations":[{"start":{"line":22,"column":4},"end":{"line":22,"column":4}},{"start":{"line":22,"column":4},"end":{"line":22,"column":4}}]},"4":{"line":27,"type":"if","locations":[{"start":{"line":27,"column":4},"end":{"line":27,"column":4}},{"start":{"line":27,"column":4},"end":{"line":27,"column":4}}]}}},"C:\\Users\\Sean\\Documents\\My Web Sites\\Escalation\\lib\\controllers\\StaffController.js":{"path":"C:\\Users\\Sean\\Documents\\My Web Sites\\Escalation\\lib\\controllers\\StaffController.js","s":{"1":1,"2":1,"3":0,"4":0,"5":0,"6":1,"7":0,"8":0,"9":1,"10":0,"11":0,"12":0,"13":1,"14":0,"15":0,"16":0,"17":1,"18":0,"19":0,"20":0,"21":0,"22":0,"23":1,"24":0,"25":0,"26":1,"27":0,"28":0},"b":{"1":[0,0],"2":[0,0],"3":[0,0]},"f":{"1":0,"2":0,"3":0,"4":0,"5":0,"6":0,"7":0,"8":0,"9":0,"10":0,"11":0,"12":0,"13":0,"14":0},"fnMap":{"1":{"name":"(anonymous_1)","line":14,"loc":{"start":{"line":14,"column":14},"end":{"line":14,"column":41}}},"2":{"name":"(anonymous_2)","line":16,"loc":{"start":{"line":16,"column":15},"end":{"line":16,"column":40}}},"3":{"name":"(anonymous_3)","line":26,"loc":{"start":{"line":26,"column":19},"end":{"line":26,"column":43}}},"4":{"name":"(anonymous_4)","line":27,"loc":{"start":{"line":27,"column":23},"end":{"line":27,"column":43}}},"5":{"name":"(anonymous_5)","line":37,"loc":{"start":{"line":37,"column":22},"end":{"line":37,"column":50}}},"6":{"name":"(anonymous_6)","line":39,"loc":{"start":{"line":39,"column":49},"end":{"line":39,"column":69}}},"7":{"name":"(anonymous_7)","line":51,"loc":{"start":{"line":51,"column":29},"end":{"line":51,"column":63}}},"8":{"name":"(anonymous_8)","line":53,"loc":{"start":{"line":53,"column":61},"end":{"line":53,"column":81}}},"9":{"name":"(anonymous_9)","line":65,"loc":{"start":{"line":65,"column":22},"end":{"line":65,"column":56}}},"10":{"name":"(anonymous_10)","line":67,"loc":{"start":{"line":67,"column":57},"end":{"line":67,"column":79}}},"11":{"name":"(anonymous_11)","line":80,"loc":{"start":{"line":80,"column":21},"end":{"line":80,"column":45}}},"12":{"name":"(anonymous_12)","line":81,"loc":{"start":{"line":81,"column":23},"end":{"line":81,"column":43}}},"13":{"name":"(anonymous_13)","line":90,"loc":{"start":{"line":90,"column":24},"end":{"line":90,"column":51}}},"14":{"name":"(anonymous_14)","line":91,"loc":{"start":{"line":91,"column":28},"end":{"line":91,"column":50}}}},"statementMap":{"1":{"start":{"line":1,"column":0},"end":{"line":4,"column":55}},"2":{"start":{"line":14,"column":0},"end":{"line":19,"column":2}},"3":{"start":{"line":15,"column":4},"end":{"line":15,"column":40}},"4":{"start":{"line":16,"column":4},"end":{"line":18,"column":7}},"5":{"start":{"line":17,"column":8},"end":{"line":17,"column":32}},"6":{"start":{"line":26,"column":0},"end":{"line":30,"column":2}},"7":{"start":{"line":27,"column":4},"end":{"line":29,"column":7}},"8":{"start":{"line":28,"column":8},"end":{"line":28,"column":27}},"9":{"start":{"line":37,"column":0},"end":{"line":43,"column":2}},"10":{"start":{"line":38,"column":4},"end":{"line":42,"column":5}},"11":{"start":{"line":39,"column":8},"end":{"line":41,"column":11}},"12":{"start":{"line":40,"column":12},"end":{"line":40,"column":31}},"13":{"start":{"line":51,"column":0},"end":{"line":57,"column":2}},"14":{"start":{"line":52,"column":4},"end":{"line":56,"column":5}},"15":{"start":{"line":53,"column":8},"end":{"line":55,"column":11}},"16":{"start":{"line":54,"column":12},"end":{"line":54,"column":31}},"17":{"start":{"line":65,"column":0},"end":{"line":80,"column":0}},"18":{"start":{"line":66,"column":4},"end":{"line":66,"column":22}},"19":{"start":{"line":67,"column":4},"end":{"line":72,"column":7}},"20":{"start":{"line":68,"column":8},"end":{"line":70,"column":9}},"21":{"start":{"line":69,"column":12},"end":{"line":69,"column":25}},"22":{"start":{"line":71,"column":8},"end":{"line":71,"column":29}},"23":{"start":{"line":80,"column":0},"end":{"line":84,"column":2}},"24":{"start":{"line":81,"column":4},"end":{"line":83,"column":7}},"25":{"start":{"line":82,"column":8},"end":{"line":82,"column":29}},"26":{"start":{"line":90,"column":0},"end":{"line":94,"column":2}},"27":{"start":{"line":91,"column":4},"end":{"line":93,"column":7}},"28":{"start":{"line":92,"column":8},"end":{"line":92,"column":31}}},"branchMap":{"1":{"line":38,"type":"if","locations":[{"start":{"line":38,"column":4},"end":{"line":38,"column":4}},{"start":{"line":38,"column":4},"end":{"line":38,"column":4}}]},"2":{"line":52,"type":"if","locations":[{"start":{"line":52,"column":4},"end":{"line":52,"column":4}},{"start":{"line":52,"column":4},"end":{"line":52,"column":4}}]},"3":{"line":68,"type":"if","locations":[{"start":{"line":68,"column":8},"end":{"line":68,"column":8}},{"start":{"line":68,"column":8},"end":{"line":68,"column":8}}]}}},"C:\\Users\\Sean\\Documents\\My Web Sites\\Escalation\\lib\\models\\Staff.js":{"path":"C:\\Users\\Sean\\Documents\\My Web Sites\\Escalation\\lib\\models\\Staff.js","s":{"1":1,"2":1,"3":1},"b":{},"f":{},"fnMap":{},"statementMap":{"1":{"start":{"line":1,"column":0},"end":{"line":2,"column":29}},"2":{"start":{"line":4,"column":0},"end":{"line":7,"column":3}},"3":{"start":{"line":9,"column":0},"end":{"line":9,"column":63}}},"branchMap":{}},"C:\\Users\\Sean\\Documents\\My Web Sites\\Escalation\\lib\\mappers\\StaffMapper.js":{"path":"C:\\Users\\Sean\\Documents\\My Web Sites\\Escalation\\lib\\mappers\\StaffMapper.js","s":{"1":1,"2":1,"3":1,"4":1,"5":1,"6":1},"b":{},"f":{"1":1},"fnMap":{"1":{"name":"(anonymous_1)","line":10,"loc":{"start":{"line":10,"column":19},"end":{"line":10,"column":36}}}},"statementMap":{"1":{"start":{"line":1,"column":0},"end":{"line":2,"column":42}},"2":{"start":{"line":10,"column":0},"end":{"line":15,"column":2}},"3":{"start":{"line":11,"column":4},"end":{"line":11,"column":34}},"4":{"start":{"line":12,"column":4},"end":{"line":12,"column":34}},"5":{"start":{"line":13,"column":4},"end":{"line":13,"column":40}},"6":{"start":{"line":14,"column":4},"end":{"line":14,"column":23}}},"branchMap":{}},"C:\\Users\\Sean\\Documents\\My Web Sites\\Escalation\\app.js":{"path":"C:\\Users\\Sean\\Documents\\My Web Sites\\Escalation\\app.js","s":{"1":1,"2":1,"3":1,"4":1,"5":1,"6":1,"7":1,"8":1,"9":1,"10":1,"11":1,"12":1,"13":1,"14":1,"15":1,"16":1,"17":1,"18":1,"19":1,"20":1},"b":{"1":[1,1]},"f":{"1":1,"2":1},"fnMap":{"1":{"name":"(anonymous_1)","line":8,"loc":{"start":{"line":8,"column":14},"end":{"line":8,"column":24}}},"2":{"name":"(anonymous_2)","line":22,"loc":{"start":{"line":22,"column":29},"end":{"line":22,"column":39}}}},"statementMap":{"1":{"start":{"line":1,"column":0},"end":{"line":3,"column":27}},"2":{"start":{"line":6,"column":0},"end":{"line":6,"column":20}},"3":{"start":{"line":8,"column":0},"end":{"line":20,"column":3}},"4":{"start":{"line":9,"column":2},"end":{"line":9,"column":44}},"5":{"start":{"line":10,"column":2},"end":{"line":10,"column":44}},"6":{"start":{"line":11,"column":2},"end":{"line":11,"column":33}},"7":{"start":{"line":12,"column":2},"end":{"line":12,"column":29}},"8":{"start":{"line":14,"column":2},"end":{"line":14,"column":32}},"9":{"start":{"line":15,"column":2},"end":{"line":15,"column":26}},"10":{"start":{"line":16,"column":2},"end":{"line":16,"column":36}},"11":{"start":{"line":17,"column":2},"end":{"line":17,"column":22}},"12":{"start":{"line":18,"column":2},"end":{"line":18,"column":65}},"13":{"start":{"line":19,"column":2},"end":{"line":19,"column":48}},"14":{"start":{"line":22,"column":0},"end":{"line":24,"column":3}},"15":{"start":{"line":23,"column":2},"end":{"line":23,"column":34}},"16":{"start":{"line":26,"column":0},"end":{"line":26,"column":35}},"17":{"start":{"line":27,"column":0},"end":{"line":27,"column":40}},"18":{"start":{"line":28,"column":0},"end":{"line":28,"column":34}},"19":{"start":{"line":29,"column":0},"end":{"line":29,"column":32}},"20":{"start":{"line":31,"column":0},"end":{"line":31,"column":21}}},"branchMap":{"1":{"line":9,"type":"binary-expr","locations":[{"start":{"line":9,"column":18},"end":{"line":9,"column":34}},{"start":{"line":9,"column":38},"end":{"line":9,"column":42}}]}}},"C:\\Users\\Sean\\Documents\\My Web Sites\\Escalation\\routes\\twilio.js":{"path":"C:\\Users\\Sean\\Documents\\My Web Sites\\Escalation\\routes\\twilio.js","s":{"1":1,"2":1,"3":1,"4":1,"5":1},"b":{},"f":{"1":1},"fnMap":{"1":{"name":"(anonymous_1)","line":3,"loc":{"start":{"line":3,"column":17},"end":{"line":3,"column":32}}}},"statementMap":{"1":{"start":{"line":1,"column":0},"end":{"line":3,"column":0}},"2":{"start":{"line":3,"column":0},"end":{"line":7,"column":2}},"3":{"start":{"line":4,"column":4},"end":{"line":4,"column":62}},"4":{"start":{"line":5,"column":4},"end":{"line":5,"column":62}},"5":{"start":{"line":6,"column":4},"end":{"line":6,"column":75}}},"branchMap":{}},"C:\\Users\\Sean\\Documents\\My Web Sites\\Escalation\\lib\\handlers\\TwilioHandler.js":{"path":"C:\\Users\\Sean\\Documents\\My Web Sites\\Escalation\\lib\\handlers\\TwilioHandler.js","s":{"1":1,"2":1,"3":1,"4":1,"5":0,"6":0,"7":0,"8":0,"9":0,"10":0,"11":0,"12":0,"13":0,"14":0,"15":0,"16":0,"17":0,"18":0,"19":0,"20":0,"21":0,"22":0,"23":0,"24":0,"25":0,"26":0,"27":0,"28":0,"29":0,"30":0,"31":0,"32":0,"33":0,"34":0,"35":0,"36":0,"37":0,"38":0,"39":0,"40":0,"41":0,"42":0,"43":0,"44":0,"45":0,"46":0,"47":0,"48":0,"49":0,"50":0,"51":1,"52":0,"53":0,"54":0,"55":0,"56":0,"57":0,"58":0,"59":0,"60":0,"61":0,"62":0,"63":0,"64":0,"65":0,"66":0,"67":0,"68":0,"69":0,"70":0,"71":0,"72":0,"73":0,"74":0,"75":0,"76":0,"77":0,"78":0,"79":0,"80":1,"81":0,"82":0,"83":0,"84":0,"85":0,"86":0,"87":0,"88":0,"89":0,"90":0,"91":0,"92":1,"93":0,"94":0,"95":0,"96":0},"b":{"1":[0,0],"2":[0,0],"3":[0,0],"4":[0,0],"5":[0,0],"6":[0,0,0]},"f":{"1":0,"2":0,"3":0,"4":0,"5":0,"6":0,"7":0,"8":0,"9":0,"10":0,"11":0},"fnMap":{"1":{"name":"(anonymous_1)","line":15,"loc":{"start":{"line":15,"column":25},"end":{"line":15,"column":51}}},"2":{"name":"(anonymous_2)","line":24,"loc":{"start":{"line":24,"column":10},"end":{"line":24,"column":33}}},"3":{"name":"(anonymous_3)","line":28,"loc":{"start":{"line":28,"column":10},"end":{"line":28,"column":31}}},"4":{"name":"(anonymous_4)","line":73,"loc":{"start":{"line":73,"column":10},"end":{"line":73,"column":25}}},"5":{"name":"(anonymous_5)","line":82,"loc":{"start":{"line":82,"column":25},"end":{"line":82,"column":51}}},"6":{"name":"(anonymous_6)","line":92,"loc":{"start":{"line":92,"column":14},"end":{"line":92,"column":37}}},"7":{"name":"(anonymous_7)","line":96,"loc":{"start":{"line":96,"column":14},"end":{"line":96,"column":34}}},"8":{"name":"(anonymous_8)","line":118,"loc":{"start":{"line":118,"column":15},"end":{"line":118,"column":36}}},"9":{"name":"(anonymous_9)","line":124,"loc":{"start":{"line":124,"column":14},"end":{"line":124,"column":29}}},"10":{"name":"(anonymous_10)","line":133,"loc":{"start":{"line":133,"column":27},"end":{"line":133,"column":53}}},"11":{"name":"handleTwilioError","line":150,"loc":{"start":{"line":150,"column":0},"end":{"line":150,"column":41}}}},"statementMap":{"1":{"start":{"line":1,"column":0},"end":{"line":7,"column":52}},"2":{"start":{"line":11,"column":0},"end":{"line":11,"column":44}},"3":{"start":{"line":13,"column":0},"end":{"line":13,"column":94}},"4":{"start":{"line":15,"column":0},"end":{"line":79,"column":2}},"5":{"start":{"line":16,"column":4},"end":{"line":16,"column":29}},"6":{"start":{"line":17,"column":4},"end":{"line":17,"column":25}},"7":{"start":{"line":18,"column":4},"end":{"line":18,"column":41}},"8":{"start":{"line":19,"column":4},"end":{"line":19,"column":61}},"9":{"start":{"line":20,"column":4},"end":{"line":20,"column":22}},"10":{"start":{"line":21,"column":4},"end":{"line":21,"column":25}},"11":{"start":{"line":23,"column":4},"end":{"line":78,"column":19}},"12":{"start":{"line":25,"column":8},"end":{"line":25,"column":39}},"13":{"start":{"line":26,"column":8},"end":{"line":26,"column":66}},"14":{"start":{"line":29,"column":8},"end":{"line":71,"column":9}},"15":{"start":{"line":30,"column":12},"end":{"line":30,"column":44}},"16":{"start":{"line":31,"column":12},"end":{"line":31,"column":38}},"17":{"start":{"line":32,"column":12},"end":{"line":32,"column":39}},"18":{"start":{"line":33,"column":12},"end":{"line":33,"column":52}},"19":{"start":{"line":34,"column":12},"end":{"line":34,"column":41}},"20":{"start":{"line":36,"column":12},"end":{"line":36,"column":42}},"21":{"start":{"line":37,"column":12},"end":{"line":37,"column":52}},"22":{"start":{"line":39,"column":12},"end":{"line":39,"column":155}},"23":{"start":{"line":40,"column":12},"end":{"line":40,"column":119}},"24":{"start":{"line":42,"column":12},"end":{"line":42,"column":47}},"25":{"start":{"line":43,"column":12},"end":{"line":43,"column":64}},"26":{"start":{"line":44,"column":12},"end":{"line":44,"column":57}},"27":{"start":{"line":45,"column":12},"end":{"line":45,"column":53}},"28":{"start":{"line":47,"column":12},"end":{"line":47,"column":56}},"29":{"start":{"line":48,"column":12},"end":{"line":48,"column":62}},"30":{"start":{"line":49,"column":12},"end":{"line":49,"column":62}},"31":{"start":{"line":50,"column":12},"end":{"line":50,"column":51}},"32":{"start":{"line":51,"column":12},"end":{"line":51,"column":45}},"33":{"start":{"line":53,"column":12},"end":{"line":53,"column":63}},"34":{"start":{"line":54,"column":12},"end":{"line":54,"column":30}},"35":{"start":{"line":56,"column":12},"end":{"line":56,"column":44}},"36":{"start":{"line":57,"column":12},"end":{"line":57,"column":38}},"37":{"start":{"line":58,"column":12},"end":{"line":58,"column":39}},"38":{"start":{"line":59,"column":12},"end":{"line":59,"column":100}},"39":{"start":{"line":60,"column":12},"end":{"line":60,"column":40}},"40":{"start":{"line":62,"column":12},"end":{"line":62,"column":171}},"41":{"start":{"line":63,"column":12},"end":{"line":63,"column":47}},"42":{"start":{"line":64,"column":12},"end":{"line":64,"column":64}},"43":{"start":{"line":65,"column":12},"end":{"line":65,"column":57}},"44":{"start":{"line":66,"column":12},"end":{"line":66,"column":53}},"45":{"start":{"line":68,"column":12},"end":{"line":68,"column":45}},"46":{"start":{"line":69,"column":12},"end":{"line":69,"column":63}},"47":{"start":{"line":70,"column":12},"end":{"line":70,"column":30}},"48":{"start":{"line":74,"column":8},"end":{"line":74,"column":39}},"49":{"start":{"line":75,"column":8},"end":{"line":75,"column":25}},"50":{"start":{"line":76,"column":8},"end":{"line":76,"column":78}},"51":{"start":{"line":82,"column":0},"end":{"line":131,"column":2}},"52":{"start":{"line":83,"column":4},"end":{"line":83,"column":29}},"53":{"start":{"line":84,"column":4},"end":{"line":84,"column":25}},"54":{"start":{"line":85,"column":4},"end":{"line":85,"column":41}},"55":{"start":{"line":86,"column":4},"end":{"line":86,"column":37}},"56":{"start":{"line":87,"column":4},"end":{"line":87,"column":25}},"57":{"start":{"line":89,"column":4},"end":{"line":130,"column":5}},"58":{"start":{"line":90,"column":8},"end":{"line":90,"column":65}},"59":{"start":{"line":91,"column":8},"end":{"line":127,"column":23}},"60":{"start":{"line":93,"column":12},"end":{"line":93,"column":43}},"61":{"start":{"line":94,"column":12},"end":{"line":94,"column":81}},"62":{"start":{"line":97,"column":12},"end":{"line":97,"column":42}},"63":{"start":{"line":98,"column":12},"end":{"line":98,"column":36}},"64":{"start":{"line":99,"column":12},"end":{"line":99,"column":49}},"65":{"start":{"line":101,"column":12},"end":{"line":101,"column":42}},"66":{"start":{"line":102,"column":12},"end":{"line":102,"column":52}},"67":{"start":{"line":104,"column":12},"end":{"line":104,"column":63}},"68":{"start":{"line":105,"column":12},"end":{"line":105,"column":46}},"69":{"start":{"line":106,"column":12},"end":{"line":106,"column":59}},"70":{"start":{"line":107,"column":12},"end":{"line":107,"column":61}},"71":{"start":{"line":108,"column":12},"end":{"line":108,"column":50}},"72":{"start":{"line":109,"column":12},"end":{"line":109,"column":42}},"73":{"start":{"line":112,"column":12},"end":{"line":112,"column":131}},"74":{"start":{"line":113,"column":12},"end":{"line":122,"column":15}},"75":{"start":{"line":119,"column":16},"end":{"line":119,"column":33}},"76":{"start":{"line":120,"column":16},"end":{"line":121,"column":59}},"77":{"start":{"line":121,"column":20},"end":{"line":121,"column":59}},"78":{"start":{"line":125,"column":12},"end":{"line":125,"column":82}},"79":{"start":{"line":129,"column":8},"end":{"line":129,"column":66}},"80":{"start":{"line":133,"column":0},"end":{"line":150,"column":0}},"81":{"start":{"line":134,"column":4},"end":{"line":134,"column":34}},"82":{"start":{"line":135,"column":4},"end":{"line":135,"column":38}},"83":{"start":{"line":137,"column":4},"end":{"line":137,"column":65}},"84":{"start":{"line":138,"column":4},"end":{"line":147,"column":5}},"85":{"start":{"line":139,"column":8},"end":{"line":139,"column":59}},"86":{"start":{"line":140,"column":8},"end":{"line":140,"column":42}},"87":{"start":{"line":141,"column":8},"end":{"line":141,"column":57}},"88":{"start":{"line":142,"column":8},"end":{"line":142,"column":57}},"89":{"start":{"line":143,"column":8},"end":{"line":143,"column":46}},"90":{"start":{"line":144,"column":8},"end":{"line":144,"column":38}},"91":{"start":{"line":146,"column":8},"end":{"line":146,"column":90}},"92":{"start":{"line":150,"column":0},"end":{"line":155,"column":1}},"93":{"start":{"line":151,"column":4},"end":{"line":151,"column":68}},"94":{"start":{"line":152,"column":4},"end":{"line":152,"column":25}},"95":{"start":{"line":153,"column":4},"end":{"line":153,"column":45}},"96":{"start":{"line":154,"column":4},"end":{"line":154,"column":14}}},"branchMap":{"1":{"line":29,"type":"if","locations":[{"start":{"line":29,"column":8},"end":{"line":29,"column":8}},{"start":{"line":29,"column":8},"end":{"line":29,"column":8}}]},"2":{"line":89,"type":"if","locations":[{"start":{"line":89,"column":4},"end":{"line":89,"column":4}},{"start":{"line":89,"column":4},"end":{"line":89,"column":4}}]},"3":{"line":89,"type":"binary-expr","locations":[{"start":{"line":89,"column":8},"end":{"line":89,"column":18}},{"start":{"line":89,"column":22},"end":{"line":89,"column":51}}]},"4":{"line":120,"type":"if","locations":[{"start":{"line":120,"column":16},"end":{"line":120,"column":16}},{"start":{"line":120,"column":16},"end":{"line":120,"column":16}}]},"5":{"line":138,"type":"if","locations":[{"start":{"line":138,"column":4},"end":{"line":138,"column":4}},{"start":{"line":138,"column":4},"end":{"line":138,"column":4}}]},"6":{"line":138,"type":"binary-expr","locations":[{"start":{"line":138,"column":9},"end":{"line":138,"column":19}},{"start":{"line":138,"column":23},"end":{"line":138,"column":52}},{"start":{"line":138,"column":57},"end":{"line":138,"column":68}}]}}},"C:\\Users\\Sean\\Documents\\My Web Sites\\Escalation\\lib\\formatters\\PhoneFormatter.js":{"path":"C:\\Users\\Sean\\Documents\\My Web Sites\\Escalation\\lib\\formatters\\PhoneFormatter.js","s":{"1":1,"2":1,"3":1,"4":1,"5":1,"6":1,"7":5,"8":5,"9":5,"10":1,"11":1},"b":{},"f":{"1":1,"2":5,"3":1},"fnMap":{"1":{"name":"(anonymous_1)","line":6,"loc":{"start":{"line":6,"column":27},"end":{"line":6,"column":51}}},"2":{"name":"(anonymous_2)","line":19,"loc":{"start":{"line":19,"column":27},"end":{"line":19,"column":45}}},"3":{"name":"right","line":29,"loc":{"start":{"line":29,"column":0},"end":{"line":29,"column":25}}}},"statementMap":{"1":{"start":{"line":6,"column":0},"end":{"line":19,"column":0}},"2":{"start":{"line":7,"column":4},"end":{"line":7,"column":25}},"3":{"start":{"line":9,"column":4},"end":{"line":9,"column":52}},"4":{"start":{"line":11,"column":4},"end":{"line":11,"column":55}},"5":{"start":{"line":12,"column":4},"end":{"line":13,"column":0}},"6":{"start":{"line":19,"column":0},"end":{"line":29,"column":0}},"7":{"start":{"line":21,"column":4},"end":{"line":21,"column":76}},"8":{"start":{"line":23,"column":4},"end":{"line":23,"column":64}},"9":{"start":{"line":25,"column":4},"end":{"line":25,"column":18}},"10":{"start":{"line":29,"column":0},"end":{"line":31,"column":1}},"11":{"start":{"line":30,"column":4},"end":{"line":30,"column":43}}},"branchMap":{}},"C:\\Users\\Sean\\Documents\\My Web Sites\\Escalation\\lib\\twilio\\TwimlGenerator.js":{"path":"C:\\Users\\Sean\\Documents\\My Web Sites\\Escalation\\lib\\twilio\\TwimlGenerator.js","s":{"1":1,"2":1,"3":0,"4":1,"5":0,"6":1,"7":0,"8":0,"9":0,"10":0,"11":0,"12":0,"13":0,"14":0,"15":0,"16":0,"17":0,"18":0,"19":0,"20":1,"21":0,"22":1,"23":0,"24":0,"25":0,"26":0,"27":0,"28":0,"29":0,"30":0,"31":0,"32":0,"33":0,"34":0,"35":0,"36":1,"37":0,"38":1,"39":0,"40":0,"41":0,"42":0,"43":0,"44":0,"45":0,"46":0,"47":0,"48":0,"49":0,"50":0,"51":0,"52":0,"53":0,"54":0,"55":0,"56":0,"57":0,"58":0,"59":0,"60":0,"61":0,"62":0,"63":1,"64":0,"65":0,"66":0,"67":0,"68":1,"69":0,"70":1,"71":0,"72":0,"73":0},"b":{"1":[0,0],"2":[0,0],"3":[0,0],"4":[0,0],"5":[0,0],"6":[0,0],"7":[0,0],"8":[0,0],"9":[0,0],"10":[0,0],"11":[0,0],"12":[0,0],"13":[0,0],"14":[0,0],"15":[0,0],"16":[0,0],"17":[0,0],"18":[0,0],"19":[0,0],"20":[0,0]},"f":{"1":0,"2":0,"3":0,"4":0,"5":0,"6":0,"7":0,"8":0,"9":0,"10":0},"fnMap":{"1":{"name":"(anonymous_1)","line":4,"loc":{"start":{"line":4,"column":16},"end":{"line":4,"column":28}}},"2":{"name":"(anonymous_2)","line":8,"loc":{"start":{"line":8,"column":14},"end":{"line":8,"column":26}}},"3":{"name":"(anonymous_3)","line":12,"loc":{"start":{"line":12,"column":19},"end":{"line":12,"column":41}}},"4":{"name":"(anonymous_4)","line":30,"loc":{"start":{"line":30,"column":20},"end":{"line":30,"column":32}}},"5":{"name":"(anonymous_5)","line":34,"loc":{"start":{"line":34,"column":21},"end":{"line":34,"column":45}}},"6":{"name":"(anonymous_6)","line":51,"loc":{"start":{"line":51,"column":22},"end":{"line":51,"column":34}}},"7":{"name":"(anonymous_7)","line":55,"loc":{"start":{"line":55,"column":21},"end":{"line":55,"column":49}}},"8":{"name":"(anonymous_8)","line":84,"loc":{"start":{"line":84,"column":14},"end":{"line":84,"column":33}}},"9":{"name":"(anonymous_9)","line":91,"loc":{"start":{"line":91,"column":17},"end":{"line":91,"column":29}}},"10":{"name":"(anonymous_10)","line":95,"loc":{"start":{"line":95,"column":16},"end":{"line":95,"column":35}}}},"statementMap":{"1":{"start":{"line":1,"column":0},"end":{"line":2,"column":33}},"2":{"start":{"line":4,"column":0},"end":{"line":8,"column":0}},"3":{"start":{"line":5,"column":4},"end":{"line":5,"column":26}},"4":{"start":{"line":8,"column":0},"end":{"line":12,"column":0}},"5":{"start":{"line":9,"column":4},"end":{"line":9,"column":24}},"6":{"start":{"line":12,"column":0},"end":{"line":28,"column":2}},"7":{"start":{"line":13,"column":4},"end":{"line":13,"column":29}},"8":{"start":{"line":14,"column":4},"end":{"line":15,"column":61}},"9":{"start":{"line":15,"column":8},"end":{"line":15,"column":61}},"10":{"start":{"line":16,"column":4},"end":{"line":17,"column":59}},"11":{"start":{"line":17,"column":8},"end":{"line":17,"column":59}},"12":{"start":{"line":18,"column":4},"end":{"line":19,"column":59}},"13":{"start":{"line":19,"column":8},"end":{"line":19,"column":59}},"14":{"start":{"line":20,"column":4},"end":{"line":21,"column":63}},"15":{"start":{"line":21,"column":8},"end":{"line":21,"column":63}},"16":{"start":{"line":22,"column":4},"end":{"line":22,"column":23}},"17":{"start":{"line":23,"column":4},"end":{"line":24,"column":51}},"18":{"start":{"line":24,"column":8},"end":{"line":24,"column":51}},"19":{"start":{"line":27,"column":4},"end":{"line":27,"column":21}},"20":{"start":{"line":30,"column":0},"end":{"line":34,"column":0}},"21":{"start":{"line":31,"column":4},"end":{"line":31,"column":23}},"22":{"start":{"line":34,"column":0},"end":{"line":49,"column":2}},"23":{"start":{"line":35,"column":4},"end":{"line":35,"column":33}},"24":{"start":{"line":36,"column":4},"end":{"line":37,"column":65}},"25":{"start":{"line":37,"column":8},"end":{"line":37,"column":65}},"26":{"start":{"line":38,"column":4},"end":{"line":39,"column":63}},"27":{"start":{"line":39,"column":8},"end":{"line":39,"column":63}},"28":{"start":{"line":40,"column":4},"end":{"line":41,"column":63}},"29":{"start":{"line":41,"column":8},"end":{"line":41,"column":63}},"30":{"start":{"line":42,"column":4},"end":{"line":43,"column":73}},"31":{"start":{"line":43,"column":8},"end":{"line":43,"column":73}},"32":{"start":{"line":44,"column":4},"end":{"line":45,"column":69}},"33":{"start":{"line":45,"column":8},"end":{"line":45,"column":69}},"34":{"start":{"line":46,"column":4},"end":{"line":46,"column":25}},"35":{"start":{"line":48,"column":4},"end":{"line":48,"column":23}},"36":{"start":{"line":51,"column":0},"end":{"line":55,"column":0}},"37":{"start":{"line":52,"column":4},"end":{"line":52,"column":25}},"38":{"start":{"line":55,"column":0},"end":{"line":84,"column":0}},"39":{"start":{"line":56,"column":4},"end":{"line":56,"column":35}},"40":{"start":{"line":57,"column":4},"end":{"line":58,"column":63}},"41":{"start":{"line":58,"column":8},"end":{"line":58,"column":63}},"42":{"start":{"line":59,"column":4},"end":{"line":60,"column":61}},"43":{"start":{"line":60,"column":8},"end":{"line":60,"column":61}},"44":{"start":{"line":61,"column":4},"end":{"line":62,"column":97}},"45":{"start":{"line":62,"column":8},"end":{"line":62,"column":97}},"46":{"start":{"line":63,"column":4},"end":{"line":64,"column":91}},"47":{"start":{"line":64,"column":8},"end":{"line":64,"column":91}},"48":{"start":{"line":65,"column":4},"end":{"line":66,"column":67}},"49":{"start":{"line":66,"column":8},"end":{"line":66,"column":67}},"50":{"start":{"line":67,"column":4},"end":{"line":68,"column":73}},"51":{"start":{"line":68,"column":8},"end":{"line":68,"column":73}},"52":{"start":{"line":69,"column":4},"end":{"line":70,"column":83}},"53":{"start":{"line":70,"column":8},"end":{"line":70,"column":83}},"54":{"start":{"line":71,"column":4},"end":{"line":72,"column":65}},"55":{"start":{"line":72,"column":8},"end":{"line":72,"column":65}},"56":{"start":{"line":73,"column":4},"end":{"line":74,"column":85}},"57":{"start":{"line":74,"column":8},"end":{"line":74,"column":85}},"58":{"start":{"line":75,"column":4},"end":{"line":75,"column":21}},"59":{"start":{"line":77,"column":4},"end":{"line":78,"column":43}},"60":{"start":{"line":78,"column":8},"end":{"line":78,"column":43}},"61":{"start":{"line":80,"column":4},"end":{"line":80,"column":35}},"62":{"start":{"line":81,"column":4},"end":{"line":81,"column":21}},"63":{"start":{"line":84,"column":0},"end":{"line":91,"column":0}},"64":{"start":{"line":85,"column":4},"end":{"line":85,"column":39}},"65":{"start":{"line":86,"column":4},"end":{"line":86,"column":24}},"66":{"start":{"line":87,"column":4},"end":{"line":88,"column":4}},"67":{"start":{"line":88,"column":4},"end":{"line":88,"column":20}},"68":{"start":{"line":91,"column":0},"end":{"line":95,"column":0}},"69":{"start":{"line":92,"column":4},"end":{"line":92,"column":23}},"70":{"start":{"line":95,"column":0},"end":{"line":100,"column":0}},"71":{"start":{"line":96,"column":4},"end":{"line":96,"column":39}},"72":{"start":{"line":97,"column":4},"end":{"line":97,"column":32}},"73":{"start":{"line":98,"column":4},"end":{"line":98,"column":22}}},"branchMap":{"1":{"line":14,"type":"if","locations":[{"start":{"line":14,"column":4},"end":{"line":14,"column":4}},{"start":{"line":14,"column":4},"end":{"line":14,"column":4}}]},"2":{"line":16,"type":"if","locations":[{"start":{"line":16,"column":4},"end":{"line":16,"column":4}},{"start":{"line":16,"column":4},"end":{"line":16,"column":4}}]},"3":{"line":18,"type":"if","locations":[{"start":{"line":18,"column":4},"end":{"line":18,"column":4}},{"start":{"line":18,"column":4},"end":{"line":18,"column":4}}]},"4":{"line":20,"type":"if","locations":[{"start":{"line":20,"column":4},"end":{"line":20,"column":4}},{"start":{"line":20,"column":4},"end":{"line":20,"column":4}}]},"5":{"line":23,"type":"if","locations":[{"start":{"line":23,"column":4},"end":{"line":23,"column":4}},{"start":{"line":23,"column":4},"end":{"line":23,"column":4}}]},"6":{"line":36,"type":"if","locations":[{"start":{"line":36,"column":4},"end":{"line":36,"column":4}},{"start":{"line":36,"column":4},"end":{"line":36,"column":4}}]},"7":{"line":38,"type":"if","locations":[{"start":{"line":38,"column":4},"end":{"line":38,"column":4}},{"start":{"line":38,"column":4},"end":{"line":38,"column":4}}]},"8":{"line":40,"type":"if","locations":[{"start":{"line":40,"column":4},"end":{"line":40,"column":4}},{"start":{"line":40,"column":4},"end":{"line":40,"column":4}}]},"9":{"line":42,"type":"if","locations":[{"start":{"line":42,"column":4},"end":{"line":42,"column":4}},{"start":{"line":42,"column":4},"end":{"line":42,"column":4}}]},"10":{"line":44,"type":"if","locations":[{"start":{"line":44,"column":4},"end":{"line":44,"column":4}},{"start":{"line":44,"column":4},"end":{"line":44,"column":4}}]},"11":{"line":57,"type":"if","locations":[{"start":{"line":57,"column":4},"end":{"line":57,"column":4}},{"start":{"line":57,"column":4},"end":{"line":57,"column":4}}]},"12":{"line":59,"type":"if","locations":[{"start":{"line":59,"column":4},"end":{"line":59,"column":4}},{"start":{"line":59,"column":4},"end":{"line":59,"column":4}}]},"13":{"line":61,"type":"if","locations":[{"start":{"line":61,"column":4},"end":{"line":61,"column":4}},{"start":{"line":61,"column":4},"end":{"line":61,"column":4}}]},"14":{"line":63,"type":"if","locations":[{"start":{"line":63,"column":4},"end":{"line":63,"column":4}},{"start":{"line":63,"column":4},"end":{"line":63,"column":4}}]},"15":{"line":65,"type":"if","locations":[{"start":{"line":65,"column":4},"end":{"line":65,"column":4}},{"start":{"line":65,"column":4},"end":{"line":65,"column":4}}]},"16":{"line":67,"type":"if","locations":[{"start":{"line":67,"column":4},"end":{"line":67,"column":4}},{"start":{"line":67,"column":4},"end":{"line":67,"column":4}}]},"17":{"line":69,"type":"if","locations":[{"start":{"line":69,"column":4},"end":{"line":69,"column":4}},{"start":{"line":69,"column":4},"end":{"line":69,"column":4}}]},"18":{"line":71,"type":"if","locations":[{"start":{"line":71,"column":4},"end":{"line":71,"column":4}},{"start":{"line":71,"column":4},"end":{"line":71,"column":4}}]},"19":{"line":73,"type":"if","locations":[{"start":{"line":73,"column":4},"end":{"line":73,"column":4}},{"start":{"line":73,"column":4},"end":{"line":73,"column":4}}]},"20":{"line":77,"type":"if","locations":[{"start":{"line":77,"column":4},"end":{"line":77,"column":4}},{"start":{"line":77,"column":4},"end":{"line":77,"column":4}}]}}},"C:\\Users\\Sean\\Documents\\My Web Sites\\Escalation\\lib\\twilio\\Conference.js":{"path":"C:\\Users\\Sean\\Documents\\My Web Sites\\Escalation\\lib\\twilio\\Conference.js","s":{"1":1,"2":1,"3":1,"4":1,"5":0,"6":0,"7":0,"8":0,"9":0,"10":0,"11":0},"b":{},"f":{"1":0,"2":0,"3":0},"fnMap":{"1":{"name":"(anonymous_1)","line":7,"loc":{"start":{"line":7,"column":17},"end":{"line":7,"column":43}}},"2":{"name":"(anonymous_2)","line":9,"loc":{"start":{"line":9,"column":75},"end":{"line":9,"column":96}}},"3":{"name":"(anonymous_3)","line":10,"loc":{"start":{"line":10,"column":33},"end":{"line":10,"column":55}}}},"statementMap":{"1":{"start":{"line":1,"column":0},"end":{"line":1,"column":29}},"2":{"start":{"line":3,"column":0},"end":{"line":3,"column":44}},"3":{"start":{"line":5,"column":0},"end":{"line":5,"column":94}},"4":{"start":{"line":7,"column":0},"end":{"line":19,"column":0}},"5":{"start":{"line":8,"column":4},"end":{"line":8,"column":23}},"6":{"start":{"line":9,"column":4},"end":{"line":17,"column":7}},"7":{"start":{"line":10,"column":8},"end":{"line":13,"column":11}},"8":{"start":{"line":12,"column":12},"end":{"line":12,"column":26}},"9":{"start":{"line":14,"column":8},"end":{"line":14,"column":64}},"10":{"start":{"line":15,"column":8},"end":{"line":15,"column":30}},"11":{"start":{"line":16,"column":8},"end":{"line":16,"column":15}}},"branchMap":{}},"C:\\Users\\Sean\\Documents\\My Web Sites\\Escalation\\routes\\Application.js":{"path":"C:\\Users\\Sean\\Documents\\My Web Sites\\Escalation\\routes\\Application.js","s":{"1":1,"2":1,"3":1,"4":1,"5":1,"6":1,"7":1,"8":1,"9":1,"10":1,"11":1,"12":1,"13":1,"14":1,"15":1,"16":1,"17":1},"b":{},"f":{"1":1},"fnMap":{"1":{"name":"(anonymous_1)","line":5,"loc":{"start":{"line":5,"column":17},"end":{"line":5,"column":32}}}},"statementMap":{"1":{"start":{"line":1,"column":0},"end":{"line":5,"column":0}},"2":{"start":{"line":5,"column":0},"end":{"line":29,"column":2}},"3":{"start":{"line":8,"column":4},"end":{"line":8,"column":64}},"4":{"start":{"line":9,"column":4},"end":{"line":9,"column":72}},"5":{"start":{"line":10,"column":4},"end":{"line":10,"column":65}},"6":{"start":{"line":11,"column":4},"end":{"line":11,"column":78}},"7":{"start":{"line":12,"column":4},"end":{"line":12,"column":75}},"8":{"start":{"line":16,"column":4},"end":{"line":16,"column":72}},"9":{"start":{"line":17,"column":4},"end":{"line":17,"column":79}},"10":{"start":{"line":18,"column":4},"end":{"line":18,"column":73}},"11":{"start":{"line":19,"column":4},"end":{"line":19,"column":85}},"12":{"start":{"line":20,"column":4},"end":{"line":20,"column":82}},"13":{"start":{"line":23,"column":4},"end":{"line":23,"column":77}},"14":{"start":{"line":24,"column":4},"end":{"line":24,"column":88}},"15":{"start":{"line":25,"column":4},"end":{"line":25,"column":78}},"16":{"start":{"line":26,"column":4},"end":{"line":26,"column":94}},"17":{"start":{"line":27,"column":4},"end":{"line":27,"column":91}}},"branchMap":{}},"C:\\Users\\Sean\\Documents\\My Web Sites\\Escalation\\lib\\handlers\\ApplicationHandler.js":{"path":"C:\\Users\\Sean\\Documents\\My Web Sites\\Escalation\\lib\\handlers\\ApplicationHandler.js","s":{"1":1,"2":1,"3":5,"4":5,"5":5,"6":5,"7":3,"8":2,"9":2,"10":2,"11":2,"12":2,"13":2,"14":2,"15":2,"16":1,"17":1,"18":1,"19":1,"20":1,"21":1,"22":2,"23":2,"24":2,"25":1,"26":1,"27":1,"28":2,"29":1,"30":1,"31":1,"32":1,"33":1,"34":1,"35":0,"36":0,"37":1,"38":1,"39":1,"40":1,"41":0,"42":0,"43":1,"44":3,"45":3,"46":3,"47":3,"48":3,"49":1,"50":2,"51":2,"52":2,"53":2,"54":2,"55":1,"56":1,"57":1,"58":1,"59":1,"60":1,"61":1,"62":1,"63":0,"64":1,"65":1,"66":1,"67":1,"68":1,"69":0,"70":1,"71":0,"72":0,"73":0,"74":0,"75":0,"76":0,"77":0,"78":0,"79":0,"80":0,"81":0,"82":0,"83":0,"84":1,"85":0,"86":0,"87":1,"88":3,"89":3,"90":3,"91":2,"92":2,"93":2,"94":1,"95":1,"96":1,"97":1,"98":1,"99":1,"100":0,"101":1,"102":1,"103":1,"104":1,"105":1,"106":1,"107":0,"108":1,"109":7,"110":7,"111":7,"112":7,"113":7},"b":{"1":[3,2],"2":[5,4],"3":[2,0],"4":[1,1],"5":[1,0],"6":[1,0],"7":[0,1],"8":[3,0],"9":[1,2],"10":[2,0],"11":[1,1],"12":[1,0],"13":[0,1],"14":[0,0],"15":[0,0],"16":[2,1],"17":[2,0],"18":[1,1],"19":[1,0]},"f":{"1":5,"2":2,"3":1,"4":1,"5":2,"6":1,"7":1,"8":3,"9":3,"10":2,"11":1,"12":0,"13":1,"14":3,"15":2,"16":1,"17":7},"fnMap":{"1":{"name":"(anonymous_1)","line":12,"loc":{"start":{"line":12,"column":20},"end":{"line":12,"column":46}}},"2":{"name":"(anonymous_2)","line":19,"loc":{"start":{"line":19,"column":14},"end":{"line":19,"column":31}}},"3":{"name":"(anonymous_3)","line":30,"loc":{"start":{"line":30,"column":14},"end":{"line":30,"column":29}}},"4":{"name":"(anonymous_4)","line":33,"loc":{"start":{"line":33,"column":14},"end":{"line":33,"column":29}}},"5":{"name":"(anonymous_5)","line":40,"loc":{"start":{"line":40,"column":14},"end":{"line":40,"column":29}}},"6":{"name":"(anonymous_6)","line":54,"loc":{"start":{"line":54,"column":23},"end":{"line":54,"column":43}}},"7":{"name":"(anonymous_7)","line":59,"loc":{"start":{"line":59,"column":49},"end":{"line":59,"column":64}}},"8":{"name":"(anonymous_8)","line":77,"loc":{"start":{"line":77,"column":23},"end":{"line":77,"column":49}}},"9":{"name":"(anonymous_9)","line":82,"loc":{"start":{"line":82,"column":14},"end":{"line":82,"column":37}}},"10":{"name":"(anonymous_10)","line":91,"loc":{"start":{"line":91,"column":52},"end":{"line":91,"column":74}}},"11":{"name":"(anonymous_11)","line":101,"loc":{"start":{"line":101,"column":45},"end":{"line":101,"column":65}}},"12":{"name":"(anonymous_12)","line":121,"loc":{"start":{"line":121,"column":37},"end":{"line":121,"column":57}}},"13":{"name":"(anonymous_13)","line":135,"loc":{"start":{"line":135,"column":14},"end":{"line":135,"column":29}}},"14":{"name":"(anonymous_14)","line":144,"loc":{"start":{"line":144,"column":20},"end":{"line":144,"column":40}}},"15":{"name":"(anonymous_15)","line":148,"loc":{"start":{"line":148,"column":47},"end":{"line":148,"column":75}}},"16":{"name":"(anonymous_16)","line":164,"loc":{"start":{"line":164,"column":38},"end":{"line":164,"column":67}}},"17":{"name":"handleError","line":177,"loc":{"start":{"line":177,"column":0},"end":{"line":177,"column":31}}}},"statementMap":{"1":{"start":{"line":1,"column":0},"end":{"line":8,"column":35}},"2":{"start":{"line":12,"column":0},"end":{"line":54,"column":0}},"3":{"start":{"line":13,"column":4},"end":{"line":13,"column":33}},"4":{"start":{"line":14,"column":4},"end":{"line":14,"column":35}},"5":{"start":{"line":15,"column":4},"end":{"line":15,"column":41}},"6":{"start":{"line":17,"column":4},"end":{"line":51,"column":5}},"7":{"start":{"line":18,"column":8},"end":{"line":43,"column":4}},"8":{"start":{"line":20,"column":12},"end":{"line":20,"column":59}},"9":{"start":{"line":21,"column":12},"end":{"line":21,"column":42}},"10":{"start":{"line":22,"column":12},"end":{"line":22,"column":30}},"11":{"start":{"line":23,"column":12},"end":{"line":23,"column":32}},"12":{"start":{"line":24,"column":12},"end":{"line":25,"column":100}},"13":{"start":{"line":25,"column":16},"end":{"line":25,"column":100}},"14":{"start":{"line":26,"column":12},"end":{"line":26,"column":54}},"15":{"start":{"line":28,"column":12},"end":{"line":28,"column":77}},"16":{"start":{"line":31,"column":12},"end":{"line":32,"column":8}},"17":{"start":{"line":34,"column":12},"end":{"line":34,"column":23}},"18":{"start":{"line":35,"column":12},"end":{"line":35,"column":28}},"19":{"start":{"line":36,"column":12},"end":{"line":36,"column":68}},"20":{"start":{"line":37,"column":12},"end":{"line":37,"column":62}},"21":{"start":{"line":38,"column":12},"end":{"line":38,"column":44}},"22":{"start":{"line":41,"column":12},"end":{"line":41,"column":34}},"23":{"start":{"line":44,"column":8},"end":{"line":44,"column":16}},"24":{"start":{"line":45,"column":8},"end":{"line":49,"column":9}},"25":{"start":{"line":46,"column":12},"end":{"line":47,"column":8}},"26":{"start":{"line":47,"column":15},"end":{"line":49,"column":9}},"27":{"start":{"line":48,"column":12},"end":{"line":49,"column":8}},"28":{"start":{"line":50,"column":8},"end":{"line":50,"column":30}},"29":{"start":{"line":54,"column":0},"end":{"line":77,"column":0}},"30":{"start":{"line":55,"column":4},"end":{"line":55,"column":36}},"31":{"start":{"line":57,"column":4},"end":{"line":74,"column":5}},"32":{"start":{"line":59,"column":8},"end":{"line":70,"column":11}},"33":{"start":{"line":60,"column":12},"end":{"line":60,"column":23}},"34":{"start":{"line":61,"column":12},"end":{"line":67,"column":13}},"35":{"start":{"line":62,"column":16},"end":{"line":62,"column":32}},"36":{"start":{"line":63,"column":16},"end":{"line":63,"column":59}},"37":{"start":{"line":65,"column":16},"end":{"line":65,"column":32}},"38":{"start":{"line":66,"column":16},"end":{"line":66,"column":65}},"39":{"start":{"line":68,"column":12},"end":{"line":68,"column":62}},"40":{"start":{"line":69,"column":12},"end":{"line":69,"column":44}},"41":{"start":{"line":72,"column":8},"end":{"line":72,"column":65}},"42":{"start":{"line":73,"column":8},"end":{"line":73,"column":30}},"43":{"start":{"line":77,"column":0},"end":{"line":144,"column":0}},"44":{"start":{"line":78,"column":4},"end":{"line":78,"column":36}},"45":{"start":{"line":79,"column":4},"end":{"line":141,"column":5}},"46":{"start":{"line":80,"column":8},"end":{"line":80,"column":41}},"47":{"start":{"line":81,"column":8},"end":{"line":138,"column":4}},"48":{"start":{"line":83,"column":12},"end":{"line":85,"column":13}},"49":{"start":{"line":84,"column":16},"end":{"line":84,"column":93}},"50":{"start":{"line":87,"column":12},"end":{"line":87,"column":43}},"51":{"start":{"line":88,"column":12},"end":{"line":88,"column":49}},"52":{"start":{"line":90,"column":12},"end":{"line":133,"column":13}},"53":{"start":{"line":91,"column":16},"end":{"line":116,"column":19}},"54":{"start":{"line":92,"column":20},"end":{"line":115,"column":21}},"55":{"start":{"line":93,"column":24},"end":{"line":93,"column":71}},"56":{"start":{"line":94,"column":24},"end":{"line":94,"column":50}},"57":{"start":{"line":95,"column":24},"end":{"line":97,"column":25}},"58":{"start":{"line":96,"column":28},"end":{"line":96,"column":60}},"59":{"start":{"line":99,"column":24},"end":{"line":99,"column":81}},"60":{"start":{"line":100,"column":24},"end":{"line":112,"column":25}},"61":{"start":{"line":101,"column":28},"end":{"line":109,"column":31}},"62":{"start":{"line":102,"column":32},"end":{"line":103,"column":46}},"63":{"start":{"line":103,"column":36},"end":{"line":103,"column":46}},"64":{"start":{"line":104,"column":32},"end":{"line":104,"column":43}},"65":{"start":{"line":105,"column":32},"end":{"line":105,"column":48}},"66":{"start":{"line":106,"column":32},"end":{"line":106,"column":88}},"67":{"start":{"line":107,"column":32},"end":{"line":107,"column":82}},"68":{"start":{"line":108,"column":32},"end":{"line":108,"column":64}},"69":{"start":{"line":111,"column":28},"end":{"line":111,"column":38}},"70":{"start":{"line":114,"column":24},"end":{"line":114,"column":46}},"71":{"start":{"line":117,"column":19},"end":{"line":133,"column":13}},"72":{"start":{"line":118,"column":16},"end":{"line":118,"column":48}},"73":{"start":{"line":119,"column":16},"end":{"line":119,"column":73}},"74":{"start":{"line":120,"column":16},"end":{"line":132,"column":17}},"75":{"start":{"line":121,"column":20},"end":{"line":129,"column":23}},"76":{"start":{"line":122,"column":24},"end":{"line":123,"column":38}},"77":{"start":{"line":123,"column":28},"end":{"line":123,"column":38}},"78":{"start":{"line":124,"column":24},"end":{"line":124,"column":35}},"79":{"start":{"line":125,"column":24},"end":{"line":125,"column":40}},"80":{"start":{"line":126,"column":24},"end":{"line":126,"column":80}},"81":{"start":{"line":127,"column":24},"end":{"line":127,"column":74}},"82":{"start":{"line":128,"column":24},"end":{"line":128,"column":56}},"83":{"start":{"line":131,"column":20},"end":{"line":131,"column":30}},"84":{"start":{"line":136,"column":12},"end":{"line":136,"column":34}},"85":{"start":{"line":139,"column":8},"end":{"line":139,"column":65}},"86":{"start":{"line":140,"column":8},"end":{"line":140,"column":30}},"87":{"start":{"line":144,"column":0},"end":{"line":177,"column":0}},"88":{"start":{"line":145,"column":4},"end":{"line":145,"column":36}},"89":{"start":{"line":146,"column":4},"end":{"line":146,"column":15}},"90":{"start":{"line":147,"column":4},"end":{"line":174,"column":5}},"91":{"start":{"line":148,"column":8},"end":{"line":162,"column":11}},"92":{"start":{"line":149,"column":12},"end":{"line":161,"column":13}},"93":{"start":{"line":150,"column":16},"end":{"line":158,"column":17}},"94":{"start":{"line":151,"column":20},"end":{"line":151,"column":36}},"95":{"start":{"line":152,"column":20},"end":{"line":152,"column":73}},"96":{"start":{"line":153,"column":20},"end":{"line":153,"column":70}},"97":{"start":{"line":154,"column":20},"end":{"line":154,"column":52}},"98":{"start":{"line":156,"column":20},"end":{"line":156,"column":93}},"99":{"start":{"line":157,"column":20},"end":{"line":157,"column":42}},"100":{"start":{"line":160,"column":16},"end":{"line":160,"column":38}},"101":{"start":{"line":164,"column":8},"end":{"line":173,"column":11}},"102":{"start":{"line":165,"column":12},"end":{"line":172,"column":13}},"103":{"start":{"line":166,"column":16},"end":{"line":166,"column":32}},"104":{"start":{"line":167,"column":16},"end":{"line":167,"column":70}},"105":{"start":{"line":168,"column":16},"end":{"line":168,"column":66}},"106":{"start":{"line":169,"column":16},"end":{"line":169,"column":48}},"107":{"start":{"line":171,"column":16},"end":{"line":171,"column":38}},"108":{"start":{"line":177,"column":0},"end":{"line":183,"column":1}},"109":{"start":{"line":178,"column":4},"end":{"line":178,"column":15}},"110":{"start":{"line":179,"column":4},"end":{"line":179,"column":20}},"111":{"start":{"line":180,"column":4},"end":{"line":180,"column":55}},"112":{"start":{"line":181,"column":4},"end":{"line":181,"column":54}},"113":{"start":{"line":182,"column":4},"end":{"line":182,"column":36}}},"branchMap":{"1":{"line":17,"type":"if","locations":[{"start":{"line":17,"column":4},"end":{"line":17,"column":4}},{"start":{"line":17,"column":4},"end":{"line":17,"column":4}}]},"2":{"line":17,"type":"binary-expr","locations":[{"start":{"line":17,"column":8},"end":{"line":17,"column":12}},{"start":{"line":17,"column":16},"end":{"line":17,"column":21}}]},"3":{"line":24,"type":"if","locations":[{"start":{"line":24,"column":12},"end":{"line":24,"column":12}},{"start":{"line":24,"column":12},"end":{"line":24,"column":12}}]},"4":{"line":45,"type":"if","locations":[{"start":{"line":45,"column":8},"end":{"line":45,"column":8}},{"start":{"line":45,"column":8},"end":{"line":45,"column":8}}]},"5":{"line":47,"type":"if","locations":[{"start":{"line":47,"column":15},"end":{"line":47,"column":15}},{"start":{"line":47,"column":15},"end":{"line":47,"column":15}}]},"6":{"line":57,"type":"if","locations":[{"start":{"line":57,"column":4},"end":{"line":57,"column":4}},{"start":{"line":57,"column":4},"end":{"line":57,"column":4}}]},"7":{"line":61,"type":"if","locations":[{"start":{"line":61,"column":12},"end":{"line":61,"column":12}},{"start":{"line":61,"column":12},"end":{"line":61,"column":12}}]},"8":{"line":79,"type":"if","locations":[{"start":{"line":79,"column":4},"end":{"line":79,"column":4}},{"start":{"line":79,"column":4},"end":{"line":79,"column":4}}]},"9":{"line":83,"type":"if","locations":[{"start":{"line":83,"column":12},"end":{"line":83,"column":12}},{"start":{"line":83,"column":12},"end":{"line":83,"column":12}}]},"10":{"line":90,"type":"if","locations":[{"start":{"line":90,"column":12},"end":{"line":90,"column":12}},{"start":{"line":90,"column":12},"end":{"line":90,"column":12}}]},"11":{"line":92,"type":"if","locations":[{"start":{"line":92,"column":20},"end":{"line":92,"column":20}},{"start":{"line":92,"column":20},"end":{"line":92,"column":20}}]},"12":{"line":95,"type":"if","locations":[{"start":{"line":95,"column":24},"end":{"line":95,"column":24}},{"start":{"line":95,"column":24},"end":{"line":95,"column":24}}]},"13":{"line":102,"type":"if","locations":[{"start":{"line":102,"column":32},"end":{"line":102,"column":32}},{"start":{"line":102,"column":32},"end":{"line":102,"column":32}}]},"14":{"line":117,"type":"if","locations":[{"start":{"line":117,"column":19},"end":{"line":117,"column":19}},{"start":{"line":117,"column":19},"end":{"line":117,"column":19}}]},"15":{"line":122,"type":"if","locations":[{"start":{"line":122,"column":24},"end":{"line":122,"column":24}},{"start":{"line":122,"column":24},"end":{"line":122,"column":24}}]},"16":{"line":147,"type":"if","locations":[{"start":{"line":147,"column":4},"end":{"line":147,"column":4}},{"start":{"line":147,"column":4},"end":{"line":147,"column":4}}]},"17":{"line":149,"type":"if","locations":[{"start":{"line":149,"column":12},"end":{"line":149,"column":12}},{"start":{"line":149,"column":12},"end":{"line":149,"column":12}}]},"18":{"line":150,"type":"if","locations":[{"start":{"line":150,"column":16},"end":{"line":150,"column":16}},{"start":{"line":150,"column":16},"end":{"line":150,"column":16}}]},"19":{"line":165,"type":"if","locations":[{"start":{"line":165,"column":12},"end":{"line":165,"column":12}},{"start":{"line":165,"column":12},"end":{"line":165,"column":12}}]}}},"C:\\Users\\Sean\\Documents\\My Web Sites\\Escalation\\lib\\validators\\PhoneValidator.js":{"path":"C:\\Users\\Sean\\Documents\\My Web Sites\\Escalation\\lib\\validators\\PhoneValidator.js","s":{"1":1,"2":12,"3":12,"4":5,"5":7,"6":12},"b":{"1":[5,7]},"f":{"1":12},"fnMap":{"1":{"name":"(anonymous_1)","line":6,"loc":{"start":{"line":6,"column":24},"end":{"line":6,"column":51}}}},"statementMap":{"1":{"start":{"line":6,"column":0},"end":{"line":20,"column":2}},"2":{"start":{"line":7,"column":4},"end":{"line":11,"column":12}},"3":{"start":{"line":13,"column":4},"end":{"line":17,"column":5}},"4":{"start":{"line":14,"column":8},"end":{"line":14,"column":64}},"5":{"start":{"line":16,"column":8},"end":{"line":16,"column":21}},"6":{"start":{"line":19,"column":4},"end":{"line":19,"column":23}}},"branchMap":{"1":{"line":13,"type":"if","locations":[{"start":{"line":13,"column":4},"end":{"line":13,"column":4}},{"start":{"line":13,"column":4},"end":{"line":13,"column":4}}]}}},"C:\\Users\\Sean\\Documents\\My Web Sites\\Escalation\\lib\\validators\\ApplicationValidator.js":{"path":"C:\\Users\\Sean\\Documents\\My Web Sites\\Escalation\\lib\\validators\\ApplicationValidator.js","s":{"1":1,"2":1,"3":5,"4":5,"5":1,"6":5,"7":4,"8":4,"9":2,"10":4,"11":1},"b":{"1":[1,4],"2":[5,4],"3":[4,1],"4":[2,2]},"f":{"1":5,"2":4},"fnMap":{"1":{"name":"(anonymous_1)","line":7,"loc":{"start":{"line":7,"column":30},"end":{"line":7,"column":63}}},"2":{"name":"(anonymous_2)","line":15,"loc":{"start":{"line":15,"column":60},"end":{"line":15,"column":84}}}},"statementMap":{"1":{"start":{"line":1,"column":0},"end":{"line":1,"column":79}},"2":{"start":{"line":7,"column":0},"end":{"line":25,"column":0}},"3":{"start":{"line":8,"column":4},"end":{"line":8,"column":12}},"4":{"start":{"line":10,"column":4},"end":{"line":12,"column":5}},"5":{"start":{"line":11,"column":8},"end":{"line":11,"column":80}},"6":{"start":{"line":13,"column":4},"end":{"line":23,"column":5}},"7":{"start":{"line":15,"column":8},"end":{"line":20,"column":11}},"8":{"start":{"line":16,"column":12},"end":{"line":18,"column":13}},"9":{"start":{"line":17,"column":16},"end":{"line":17,"column":68}},"10":{"start":{"line":19,"column":12},"end":{"line":19,"column":39}},"11":{"start":{"line":22,"column":8},"end":{"line":22,"column":35}}},"branchMap":{"1":{"line":10,"type":"if","locations":[{"start":{"line":10,"column":4},"end":{"line":10,"column":4}},{"start":{"line":10,"column":4},"end":{"line":10,"column":4}}]},"2":{"line":10,"type":"binary-expr","locations":[{"start":{"line":10,"column":8},"end":{"line":10,"column":25}},{"start":{"line":10,"column":29},"end":{"line":10,"column":51}}]},"3":{"line":13,"type":"if","locations":[{"start":{"line":13,"column":4},"end":{"line":13,"column":4}},{"start":{"line":13,"column":4},"end":{"line":13,"column":4}}]},"4":{"line":16,"type":"if","locations":[{"start":{"line":16,"column":12},"end":{"line":16,"column":12}},{"start":{"line":16,"column":12},"end":{"line":16,"column":12}}]}}},"C:\\Users\\Sean\\Documents\\My Web Sites\\Escalation\\lib\\handlers\\StaffHandler.js":{"path":"C:\\Users\\Sean\\Documents\\My Web Sites\\Escalation\\lib\\handlers\\StaffHandler.js","s":{"1":1,"2":1,"3":0,"4":0,"5":0,"6":0,"7":0,"8":0,"9":0,"10":0,"11":0,"12":0,"13":0,"14":0,"15":0,"16":0,"17":0,"18":0,"19":0,"20":0,"21":0,"22":0,"23":0,"24":0,"25":0,"26":0,"27":0,"28":0,"29":0,"30":0,"31":0,"32":0,"33":0,"34":0,"35":0,"36":0,"37":0,"38":0,"39":0,"40":0,"41":0,"42":0,"43":0,"44":0,"45":0,"46":0,"47":0,"48":0,"49":1,"50":0,"51":0,"52":0,"53":0,"54":0,"55":0,"56":0,"57":0,"58":0,"59":0,"60":0,"61":0,"62":0,"63":0,"64":0,"65":0,"66":0,"67":0,"68":0,"69":0,"70":0,"71":0,"72":0,"73":0,"74":0,"75":0,"76":0,"77":0,"78":0,"79":0,"80":1,"81":0,"82":0,"83":0,"84":0,"85":0,"86":0,"87":0,"88":0,"89":0,"90":0,"91":0,"92":0,"93":0,"94":0,"95":0,"96":0,"97":0,"98":0,"99":0,"100":0,"101":0,"102":0,"103":0,"104":0,"105":0,"106":0,"107":0,"108":0,"109":0,"110":0,"111":0,"112":0,"113":0,"114":0,"115":0,"116":0,"117":0,"118":0,"119":0,"120":0,"121":0,"122":0,"123":1,"124":0,"125":0,"126":0,"127":0,"128":0,"129":0,"130":0,"131":0,"132":0,"133":0,"134":0,"135":0,"136":0,"137":0,"138":0,"139":0,"140":0,"141":0,"142":0,"143":1,"144":0,"145":0,"146":0,"147":0,"148":0,"149":1,"150":0,"151":0,"152":0,"153":0,"154":0},"b":{"1":[0,0],"2":[0,0],"3":[0,0],"4":[0,0],"5":[0,0],"6":[0,0],"7":[0,0],"8":[0,0],"9":[0,0],"10":[0,0],"11":[0,0],"12":[0,0],"13":[0,0],"14":[0,0],"15":[0,0],"16":[0,0],"17":[0,0],"18":[0,0],"19":[0,0],"20":[0,0],"21":[0,0],"22":[0,0],"23":[0,0],"24":[0,0],"25":[0,0],"26":[0,0]},"f":{"1":0,"2":0,"3":0,"4":0,"5":0,"6":0,"7":0,"8":0,"9":0,"10":0,"11":0,"12":0,"13":0,"14":0,"15":0,"16":0,"17":0,"18":0,"19":0,"20":0,"21":0,"22":0,"23":0,"24":0,"25":0,"26":0,"27":0,"28":0,"29":0,"30":0,"31":0,"32":0,"33":0},"fnMap":{"1":{"name":"(anonymous_1)","line":12,"loc":{"start":{"line":12,"column":20},"end":{"line":12,"column":46}}},"2":{"name":"(anonymous_2)","line":18,"loc":{"start":{"line":18,"column":47},"end":{"line":18,"column":75}}},"3":{"name":"(anonymous_3)","line":30,"loc":{"start":{"line":30,"column":22},"end":{"line":30,"column":39}}},"4":{"name":"(anonymous_4)","line":34,"loc":{"start":{"line":34,"column":22},"end":{"line":34,"column":40}}},"5":{"name":"(anonymous_5)","line":41,"loc":{"start":{"line":41,"column":30},"end":{"line":41,"column":50}}},"6":{"name":"(anonymous_6)","line":44,"loc":{"start":{"line":44,"column":30},"end":{"line":44,"column":50}}},"7":{"name":"(anonymous_7)","line":49,"loc":{"start":{"line":49,"column":30},"end":{"line":49,"column":45}}},"8":{"name":"(anonymous_8)","line":54,"loc":{"start":{"line":54,"column":30},"end":{"line":54,"column":45}}},"9":{"name":"(anonymous_9)","line":60,"loc":{"start":{"line":60,"column":30},"end":{"line":60,"column":47}}},"10":{"name":"(anonymous_10)","line":64,"loc":{"start":{"line":64,"column":30},"end":{"line":64,"column":45}}},"11":{"name":"(anonymous_11)","line":69,"loc":{"start":{"line":69,"column":30},"end":{"line":69,"column":45}}},"12":{"name":"(anonymous_12)","line":74,"loc":{"start":{"line":74,"column":22},"end":{"line":74,"column":37}}},"13":{"name":"(anonymous_13)","line":93,"loc":{"start":{"line":93,"column":23},"end":{"line":93,"column":43}}},"14":{"name":"(anonymous_14)","line":99,"loc":{"start":{"line":99,"column":47},"end":{"line":99,"column":75}}},"15":{"name":"(anonymous_15)","line":110,"loc":{"start":{"line":110,"column":22},"end":{"line":110,"column":39}}},"16":{"name":"(anonymous_16)","line":114,"loc":{"start":{"line":114,"column":26},"end":{"line":114,"column":43}}},"17":{"name":"(anonymous_17)","line":121,"loc":{"start":{"line":121,"column":26},"end":{"line":121,"column":41}}},"18":{"name":"(anonymous_18)","line":126,"loc":{"start":{"line":126,"column":26},"end":{"line":126,"column":41}}},"19":{"name":"(anonymous_19)","line":130,"loc":{"start":{"line":130,"column":22},"end":{"line":130,"column":37}}},"20":{"name":"(anonymous_20)","line":146,"loc":{"start":{"line":146,"column":23},"end":{"line":146,"column":49}}},"21":{"name":"(anonymous_21)","line":155,"loc":{"start":{"line":155,"column":47},"end":{"line":155,"column":75}}},"22":{"name":"(anonymous_22)","line":166,"loc":{"start":{"line":166,"column":22},"end":{"line":166,"column":39}}},"23":{"name":"(anonymous_23)","line":170,"loc":{"start":{"line":170,"column":26},"end":{"line":170,"column":43}}},"24":{"name":"(anonymous_24)","line":178,"loc":{"start":{"line":178,"column":26},"end":{"line":178,"column":46}}},"25":{"name":"(anonymous_25)","line":185,"loc":{"start":{"line":185,"column":42},"end":{"line":185,"column":64}}},"26":{"name":"(anonymous_26)","line":198,"loc":{"start":{"line":198,"column":26},"end":{"line":198,"column":41}}},"27":{"name":"(anonymous_27)","line":202,"loc":{"start":{"line":202,"column":22},"end":{"line":202,"column":37}}},"28":{"name":"(anonymous_28)","line":218,"loc":{"start":{"line":218,"column":20},"end":{"line":218,"column":46}}},"29":{"name":"(anonymous_29)","line":223,"loc":{"start":{"line":223,"column":14},"end":{"line":223,"column":37}}},"30":{"name":"(anonymous_30)","line":243,"loc":{"start":{"line":243,"column":14},"end":{"line":243,"column":29}}},"31":{"name":"handleError","line":252,"loc":{"start":{"line":252,"column":0},"end":{"line":252,"column":31}}},"32":{"name":"findStaffMember","line":260,"loc":{"start":{"line":260,"column":0},"end":{"line":260,"column":43}}},"33":{"name":"(anonymous_33)","line":262,"loc":{"start":{"line":262,"column":22},"end":{"line":262,"column":39}}}},"statementMap":{"1":{"start":{"line":1,"column":0},"end":{"line":8,"column":21}},"2":{"start":{"line":12,"column":0},"end":{"line":93,"column":0}},"3":{"start":{"line":13,"column":4},"end":{"line":13,"column":36}},"4":{"start":{"line":14,"column":4},"end":{"line":14,"column":15}},"5":{"start":{"line":15,"column":4},"end":{"line":15,"column":25}},"6":{"start":{"line":17,"column":4},"end":{"line":90,"column":5}},"7":{"start":{"line":18,"column":8},"end":{"line":86,"column":11}},"8":{"start":{"line":19,"column":12},"end":{"line":21,"column":13}},"9":{"start":{"line":20,"column":16},"end":{"line":20,"column":26}},"10":{"start":{"line":22,"column":12},"end":{"line":24,"column":13}},"11":{"start":{"line":23,"column":16},"end":{"line":23,"column":76}},"12":{"start":{"line":25,"column":12},"end":{"line":25,"column":43}},"13":{"start":{"line":26,"column":12},"end":{"line":26,"column":46}},"14":{"start":{"line":27,"column":12},"end":{"line":27,"column":48}},"15":{"start":{"line":28,"column":12},"end":{"line":85,"column":13}},"16":{"start":{"line":29,"column":16},"end":{"line":77,"column":12}},"17":{"start":{"line":31,"column":20},"end":{"line":31,"column":72}},"18":{"start":{"line":32,"column":20},"end":{"line":33,"column":16}},"19":{"start":{"line":35,"column":20},"end":{"line":72,"column":21}},"20":{"start":{"line":36,"column":24},"end":{"line":36,"column":39}},"21":{"start":{"line":37,"column":24},"end":{"line":37,"column":51}},"22":{"start":{"line":38,"column":24},"end":{"line":38,"column":50}},"23":{"start":{"line":39,"column":24},"end":{"line":39,"column":54}},"24":{"start":{"line":40,"column":24},"end":{"line":57,"column":20}},"25":{"start":{"line":42,"column":28},"end":{"line":42,"column":75}},"26":{"start":{"line":46,"column":28},"end":{"line":46,"column":50}},"27":{"start":{"line":47,"column":28},"end":{"line":47,"column":110}},"28":{"start":{"line":50,"column":28},"end":{"line":50,"column":93}},"29":{"start":{"line":51,"column":28},"end":{"line":51,"column":78}},"30":{"start":{"line":52,"column":28},"end":{"line":52,"column":60}},"31":{"start":{"line":55,"column":28},"end":{"line":55,"column":50}},"32":{"start":{"line":58,"column":24},"end":{"line":58,"column":39}},"33":{"start":{"line":59,"column":24},"end":{"line":72,"column":20}},"34":{"start":{"line":61,"column":28},"end":{"line":61,"column":47}},"35":{"start":{"line":62,"column":28},"end":{"line":62,"column":107}},"36":{"start":{"line":65,"column":28},"end":{"line":65,"column":93}},"37":{"start":{"line":66,"column":28},"end":{"line":66,"column":78}},"38":{"start":{"line":67,"column":28},"end":{"line":67,"column":60}},"39":{"start":{"line":70,"column":28},"end":{"line":70,"column":50}},"40":{"start":{"line":75,"column":20},"end":{"line":75,"column":42}},"41":{"start":{"line":78,"column":16},"end":{"line":84,"column":17}},"42":{"start":{"line":79,"column":20},"end":{"line":79,"column":70}},"43":{"start":{"line":80,"column":20},"end":{"line":80,"column":42}},"44":{"start":{"line":81,"column":23},"end":{"line":84,"column":17}},"45":{"start":{"line":82,"column":20},"end":{"line":82,"column":74}},"46":{"start":{"line":83,"column":20},"end":{"line":83,"column":42}},"47":{"start":{"line":88,"column":8},"end":{"line":89,"column":8}},"48":{"start":{"line":89,"column":8},"end":{"line":89,"column":30}},"49":{"start":{"line":93,"column":0},"end":{"line":146,"column":0}},"50":{"start":{"line":94,"column":4},"end":{"line":94,"column":36}},"51":{"start":{"line":95,"column":4},"end":{"line":95,"column":15}},"52":{"start":{"line":96,"column":4},"end":{"line":96,"column":25}},"53":{"start":{"line":98,"column":4},"end":{"line":143,"column":5}},"54":{"start":{"line":99,"column":8},"end":{"line":139,"column":11}},"55":{"start":{"line":100,"column":12},"end":{"line":102,"column":13}},"56":{"start":{"line":101,"column":16},"end":{"line":101,"column":26}},"57":{"start":{"line":103,"column":12},"end":{"line":105,"column":13}},"58":{"start":{"line":104,"column":16},"end":{"line":104,"column":76}},"59":{"start":{"line":106,"column":12},"end":{"line":106,"column":43}},"60":{"start":{"line":107,"column":12},"end":{"line":107,"column":48}},"61":{"start":{"line":108,"column":12},"end":{"line":138,"column":13}},"62":{"start":{"line":109,"column":16},"end":{"line":133,"column":12}},"63":{"start":{"line":111,"column":20},"end":{"line":111,"column":33}},"64":{"start":{"line":112,"column":20},"end":{"line":112,"column":72}},"65":{"start":{"line":113,"column":20},"end":{"line":129,"column":16}},"66":{"start":{"line":115,"column":24},"end":{"line":117,"column":25}},"67":{"start":{"line":116,"column":28},"end":{"line":116,"column":93}},"68":{"start":{"line":118,"column":24},"end":{"line":118,"column":41}},"69":{"start":{"line":119,"column":24},"end":{"line":119,"column":102}},"70":{"start":{"line":122,"column":24},"end":{"line":122,"column":69}},"71":{"start":{"line":123,"column":24},"end":{"line":123,"column":74}},"72":{"start":{"line":124,"column":24},"end":{"line":124,"column":56}},"73":{"start":{"line":127,"column":24},"end":{"line":127,"column":46}},"74":{"start":{"line":131,"column":20},"end":{"line":131,"column":42}},"75":{"start":{"line":134,"column":16},"end":{"line":137,"column":17}},"76":{"start":{"line":135,"column":20},"end":{"line":135,"column":78}},"77":{"start":{"line":136,"column":20},"end":{"line":136,"column":42}},"78":{"start":{"line":141,"column":8},"end":{"line":142,"column":8}},"79":{"start":{"line":142,"column":8},"end":{"line":142,"column":30}},"80":{"start":{"line":146,"column":0},"end":{"line":218,"column":0}},"81":{"start":{"line":147,"column":4},"end":{"line":147,"column":36}},"82":{"start":{"line":148,"column":4},"end":{"line":148,"column":15}},"83":{"start":{"line":149,"column":4},"end":{"line":149,"column":25}},"84":{"start":{"line":151,"column":4},"end":{"line":151,"column":36}},"85":{"start":{"line":152,"column":4},"end":{"line":152,"column":38}},"86":{"start":{"line":154,"column":4},"end":{"line":215,"column":5}},"87":{"start":{"line":155,"column":8},"end":{"line":211,"column":11}},"88":{"start":{"line":156,"column":12},"end":{"line":158,"column":13}},"89":{"start":{"line":157,"column":16},"end":{"line":157,"column":26}},"90":{"start":{"line":159,"column":12},"end":{"line":161,"column":13}},"91":{"start":{"line":160,"column":16},"end":{"line":160,"column":76}},"92":{"start":{"line":162,"column":12},"end":{"line":162,"column":43}},"93":{"start":{"line":163,"column":12},"end":{"line":163,"column":48}},"94":{"start":{"line":164,"column":12},"end":{"line":210,"column":13}},"95":{"start":{"line":165,"column":16},"end":{"line":205,"column":12}},"96":{"start":{"line":167,"column":20},"end":{"line":167,"column":33}},"97":{"start":{"line":168,"column":20},"end":{"line":168,"column":72}},"98":{"start":{"line":169,"column":20},"end":{"line":201,"column":16}},"99":{"start":{"line":171,"column":24},"end":{"line":173,"column":25}},"100":{"start":{"line":172,"column":28},"end":{"line":172,"column":93}},"101":{"start":{"line":174,"column":24},"end":{"line":174,"column":41}},"102":{"start":{"line":176,"column":24},"end":{"line":176,"column":80}},"103":{"start":{"line":179,"column":24},"end":{"line":179,"column":77}},"104":{"start":{"line":181,"column":24},"end":{"line":181,"column":52}},"105":{"start":{"line":182,"column":24},"end":{"line":182,"column":48}},"106":{"start":{"line":184,"column":24},"end":{"line":196,"column":25}},"107":{"start":{"line":185,"column":28},"end":{"line":193,"column":31}},"108":{"start":{"line":186,"column":32},"end":{"line":187,"column":46}},"109":{"start":{"line":187,"column":36},"end":{"line":187,"column":46}},"110":{"start":{"line":188,"column":32},"end":{"line":188,"column":43}},"111":{"start":{"line":189,"column":32},"end":{"line":189,"column":48}},"112":{"start":{"line":190,"column":32},"end":{"line":190,"column":96}},"113":{"start":{"line":191,"column":32},"end":{"line":191,"column":82}},"114":{"start":{"line":192,"column":32},"end":{"line":192,"column":64}},"115":{"start":{"line":195,"column":28},"end":{"line":195,"column":38}},"116":{"start":{
[...]
:128,"column":72}},"72":{"start":{"line":129,"column":20},"end":{"line":161,"column":16}},"73":{"start":{"line":131,"column":24},"end":{"line":133,"column":25}},"74":{"start":{"line":132,"column":28},"end":{"line":132,"column":93}},"75":{"start":{"line":134,"column":24},"end":{"line":134,"column":41}},"76":{"start":{"line":136,"column":24},"end":{"line":136,"column":80}},"77":{"start":{"line":139,"column":24},"end":{"line":139,"column":77}},"78":{"start":{"line":141,"column":24},"end":{"line":141,"column":52}},"79":{"start":{"line":142,"column":24},"end":{"line":142,"column":48}},"80":{"start":{"line":144,"column":24},"end":{"line":156,"column":25}},"81":{"start":{"line":145,"column":28},"end":{"line":153,"column":31}},"82":{"start":{"line":146,"column":32},"end":{"line":147,"column":46}},"83":{"start":{"line":147,"column":36},"end":{"line":147,"column":46}},"84":{"start":{"line":148,"column":32},"end":{"line":148,"column":43}},"85":{"start":{"line":149,"column":32},"end":{"line":149,"column":48}},"86":{"start":{"line":150,"column":32},"end":{"line":150,"column":96}},"87":{"start":{"line":151,"column":32},"end":{"line":151,"column":82}},"88":{"start":{"line":152,"column":32},"end":{"line":152,"column":64}},"89":{"start":{"line":155,"column":28},"end":{"line":155,"column":38}},"90":{"start":{"line":159,"column":24},"end":{"line":159,"column":46}},"91":{"start":{"line":163,"column":20},"end":{"line":163,"column":42}},"92":{"start":{"line":166,"column":16},"end":{"line":169,"column":17}},"93":{"start":{"line":167,"column":20},"end":{"line":167,"column":78}},"94":{"start":{"line":168,"column":20},"end":{"line":168,"column":42}},"95":{"start":{"line":173,"column":8},"end":{"line":174,"column":8}},"96":{"start":{"line":174,"column":8},"end":{"line":174,"column":30}},"97":{"start":{"line":178,"column":0},"end":{"line":212,"column":0}},"98":{"start":{"line":179,"column":4},"end":{"line":179,"column":36}},"99":{"start":{"line":180,"column":4},"end":{"line":180,"column":15}},"100":{"start":{"line":181,"column":4},"end":{"line":209,"column":5}},"101":{"start":{"line":182,"column":8},"end":{"line":206,"column":4}},"102":{"start":{"line":184,"column":12},"end":{"line":186,"column":13}},"103":{"start":{"line":185,"column":16},"end":{"line":185,"column":76}},"104":{"start":{"line":188,"column":12},"end":{"line":188,"column":51}},"105":{"start":{"line":189,"column":12},"end":{"line":198,"column":13}},"106":{"start":{"line":190,"column":16},"end":{"line":190,"column":75}},"107":{"start":{"line":191,"column":16},"end":{"line":195,"column":17}},"108":{"start":{"line":192,"column":20},"end":{"line":192,"column":69}},"109":{"start":{"line":194,"column":20},"end":{"line":194,"column":90}},"110":{"start":{"line":197,"column":16},"end":{"line":197,"column":78}},"111":{"start":{"line":199,"column":12},"end":{"line":199,"column":28}},"112":{"start":{"line":200,"column":12},"end":{"line":200,"column":62}},"113":{"start":{"line":201,"column":12},"end":{"line":201,"column":44}},"114":{"start":{"line":204,"column":12},"end":{"line":204,"column":34}},"115":{"start":{"line":207,"column":8},"end":{"line":208,"column":8}},"116":{"start":{"line":208,"column":8},"end":{"line":208,"column":30}},"117":{"start":{"line":212,"column":0},"end":{"line":218,"column":1}},"118":{"start":{"line":213,"column":4},"end":{"line":213,"column":15}},"119":{"start":{"line":214,"column":4},"end":{"line":214,"column":20}},"120":{"start":{"line":215,"column":4},"end":{"line":215,"column":55}},"121":{"start":{"line":216,"column":4},"end":{"line":216,"column":54}},"122":{"start":{"line":217,"column":4},"end":{"line":217,"column":36}},"123":{"start":{"line":220,"column":0},"end":{"line":228,"column":1}},"124":{"start":{"line":221,"column":4},"end":{"line":221,"column":26}},"125":{"start":{"line":222,"column":4},"end":{"line":226,"column":7}},"126":{"start":{"line":223,"column":8},"end":{"line":225,"column":9}},"127":{"start":{"line":224,"column":12},"end":{"line":224,"column":31}},"128":{"start":{"line":227,"column":4},"end":{"line":227,"column":22}},"129":{"start":{"line":230,"column":0},"end":{"line":238,"column":1}},"130":{"start":{"line":231,"column":4},"end":{"line":231,"column":28}},"131":{"start":{"line":232,"column":4},"end":{"line":236,"column":7}},"132":{"start":{"line":233,"column":8},"end":{"line":235,"column":9}},"133":{"start":{"line":234,"column":12},"end":{"line":234,"column":35}},"134":{"start":{"line":237,"column":4},"end":{"line":237,"column":24}}},"branchMap":{"1":{"line":15,"type":"if","locations":[{"start":{"line":15,"column":4},"end":{"line":15,"column":4}},{"start":{"line":15,"column":4},"end":{"line":15,"column":4}}]},"2":{"line":17,"type":"if","locations":[{"start":{"line":17,"column":12},"end":{"line":17,"column":12}},{"start":{"line":17,"column":12},"end":{"line":17,"column":12}}]},"3":{"line":20,"type":"if","locations":[{"start":{"line":20,"column":12},"end":{"line":20,"column":12}},{"start":{"line":20,"column":12},"end":{"line":20,"column":12}}]},"4":{"line":28,"type":"if","locations":[{"start":{"line":28,"column":12},"end":{"line":28,"column":12}},{"start":{"line":28,"column":12},"end":{"line":28,"column":12}}]},"5":{"line":28,"type":"binary-expr","locations":[{"start":{"line":28,"column":16},"end":{"line":28,"column":25}},{"start":{"line":28,"column":29},"end":{"line":28,"column":36}},{"start":{"line":28,"column":40},"end":{"line":28,"column":47}}]},"6":{"line":46,"type":"if","locations":[{"start":{"line":46,"column":16},"end":{"line":46,"column":16}},{"start":{"line":46,"column":16},"end":{"line":46,"column":16}}]},"7":{"line":49,"type":"if","locations":[{"start":{"line":49,"column":23},"end":{"line":49,"column":23}},{"start":{"line":49,"column":23},"end":{"line":49,"column":23}}]},"8":{"line":52,"type":"if","locations":[{"start":{"line":52,"column":23},"end":{"line":52,"column":23}},{"start":{"line":52,"column":23},"end":{"line":52,"column":23}}]},"9":{"line":69,"type":"if","locations":[{"start":{"line":69,"column":4},"end":{"line":69,"column":4}},{"start":{"line":69,"column":4},"end":{"line":69,"column":4}}]},"10":{"line":71,"type":"if","locations":[{"start":{"line":71,"column":12},"end":{"line":71,"column":12}},{"start":{"line":71,"column":12},"end":{"line":71,"column":12}}]},"11":{"line":74,"type":"if","locations":[{"start":{"line":74,"column":12},"end":{"line":74,"column":12}},{"start":{"line":74,"column":12},"end":{"line":74,"column":12}}]},"12":{"line":80,"type":"if","locations":[{"start":{"line":80,"column":16},"end":{"line":80,"column":16}},{"start":{"line":80,"column":16},"end":{"line":80,"column":16}}]},"13":{"line":91,"type":"if","locations":[{"start":{"line":91,"column":20},"end":{"line":91,"column":20}},{"start":{"line":91,"column":20},"end":{"line":91,"column":20}}]},"14":{"line":114,"type":"if","locations":[{"start":{"line":114,"column":4},"end":{"line":114,"column":4}},{"start":{"line":114,"column":4},"end":{"line":114,"column":4}}]},"15":{"line":116,"type":"if","locations":[{"start":{"line":116,"column":12},"end":{"line":116,"column":12}},{"start":{"line":116,"column":12},"end":{"line":116,"column":12}}]},"16":{"line":119,"type":"if","locations":[{"start":{"line":119,"column":12},"end":{"line":119,"column":12}},{"start":{"line":119,"column":12},"end":{"line":119,"column":12}}]},"17":{"line":124,"type":"if","locations":[{"start":{"line":124,"column":12},"end":{"line":124,"column":12}},{"start":{"line":124,"column":12},"end":{"line":124,"column":12}}]},"18":{"line":131,"type":"if","locations":[{"start":{"line":131,"column":24},"end":{"line":131,"column":24}},{"start":{"line":131,"column":24},"end":{"line":131,"column":24}}]},"19":{"line":146,"type":"if","locations":[{"start":{"line":146,"column":32},"end":{"line":146,"column":32}},{"start":{"line":146,"column":32},"end":{"line":146,"column":32}}]},"20":{"line":166,"type":"if","locations":[{"start":{"line":166,"column":16},"end":{"line":166,"column":16}},{"start":{"line":166,"column":16},"end":{"line":166,"column":16}}]},"21":{"line":181,"type":"if","locations":[{"start":{"line":181,"column":4},"end":{"line":181,"column":4}},{"start":{"line":181,"column":4},"end":{"line":181,"column":4}}]},"22":{"line":184,"type":"if","locations":[{"start":{"line":184,"column":12},"end":{"line":184,"column":12}},{"start":{"line":184,"column":12},"end":{"line":184,"column":12}}]},"23":{"line":189,"type":"if","locations":[{"start":{"line":189,"column":12},"end":{"line":189,"column":12}},{"start":{"line":189,"column":12},"end":{"line":189,"column":12}}]},"24":{"line":191,"type":"if","locations":[{"start":{"line":191,"column":16},"end":{"line":191,"column":16}},{"start":{"line":191,"column":16},"end":{"line":191,"column":16}}]},"25":{"line":223,"type":"if","locations":[{"start":{"line":223,"column":8},"end":{"line":223,"column":8}},{"start":{"line":223,"column":8},"end":{"line":223,"column":8}}]},"26":{"line":233,"type":"if","locations":[{"start":{"line":233,"column":8},"end":{"line":233,"column":8}},{"start":{"line":233,"column":8},"end":{"line":233,"column":8}}]}}},"C:\\Users\\Sean\\Documents\\My Web Sites\\Escalation\\lib\\validators\\SegmentValidator.js":{"path":"C:\\Users\\Sean\\Documents\\My Web Sites\\Escalation\\lib\\validators\\SegmentValidator.js","s":{"1":1,"2":1,"3":4,"4":4,"5":4,"6":4,"7":4,"8":0,"9":0,"10":0,"11":4,"12":1,"13":1,"14":1,"15":3,"16":1,"17":3,"18":6,"19":3,"20":6,"21":2,"22":0,"23":3,"24":1,"25":1,"26":1,"27":2,"28":4,"29":4,"30":4,"31":4,"32":4,"33":2,"34":2},"b":{"1":[0,4],"2":[1,3],"3":[1,2],"4":[3,3],"5":[2,4],"6":[0,2],"7":[1,2],"8":[3,3],"9":[2,2],"10":[4,3]},"f":{"1":4,"2":6,"3":4},"fnMap":{"1":{"name":"(anonymous_1)","line":8,"loc":{"start":{"line":8,"column":26},"end":{"line":8,"column":71}}},"2":{"name":"(anonymous_2)","line":30,"loc":{"start":{"line":30,"column":30},"end":{"line":30,"column":48}}},"3":{"name":"(anonymous_3)","line":46,"loc":{"start":{"line":46,"column":33},"end":{"line":46,"column":46}}}},"statementMap":{"1":{"start":{"line":1,"column":0},"end":{"line":1,"column":47}},"2":{"start":{"line":8,"column":0},"end":{"line":57,"column":2}},"3":{"start":{"line":9,"column":4},"end":{"line":9,"column":12}},"4":{"start":{"line":10,"column":4},"end":{"line":10,"column":52}},"5":{"start":{"line":12,"column":4},"end":{"line":12,"column":46}},"6":{"start":{"line":13,"column":4},"end":{"line":13,"column":44}},"7":{"start":{"line":15,"column":4},"end":{"line":19,"column":5}},"8":{"start":{"line":16,"column":8},"end":{"line":16,"column":66}},"9":{"start":{"line":17,"column":8},"end":{"line":17,"column":34}},"10":{"start":{"line":18,"column":8},"end":{"line":18,"column":15}},"11":{"start":{"line":21,"column":4},"end":{"line":25,"column":5}},"12":{"start":{"line":22,"column":8},"end":{"line":22,"column":75}},"13":{"start":{"line":23,"column":8},"end":{"line":23,"column":34}},"14":{"start":{"line":24,"column":8},"end":{"line":24,"column":15}},"15":{"start":{"line":26,"column":4},"end":{"line":28,"column":5}},"16":{"start":{"line":27,"column":8},"end":{"line":27,"column":31}},"17":{"start":{"line":30,"column":4},"end":{"line":39,"column":7}},"18":{"start":{"line":31,"column":8},"end":{"line":33,"column":9}},"19":{"start":{"line":32,"column":12},"end":{"line":32,"column":32}},"20":{"start":{"line":34,"column":8},"end":{"line":38,"column":9}},"21":{"start":{"line":35,"column":12},"end":{"line":37,"column":13}},"22":{"start":{"line":36,"column":16},"end":{"line":36,"column":38}},"23":{"start":{"line":40,"column":4},"end":{"line":44,"column":5}},"24":{"start":{"line":41,"column":8},"end":{"line":41,"column":66}},"25":{"start":{"line":42,"column":8},"end":{"line":42,"column":34}},"26":{"start":{"line":43,"column":8},"end":{"line":43,"column":15}},"27":{"start":{"line":46,"column":4},"end":{"line":55,"column":7}},"28":{"start":{"line":47,"column":8},"end":{"line":47,"column":36}},"29":{"start":{"line":48,"column":8},"end":{"line":48,"column":32}},"30":{"start":{"line":49,"column":8},"end":{"line":49,"column":37}},"31":{"start":{"line":50,"column":8},"end":{"line":50,"column":39}},"32":{"start":{"line":52,"column":8},"end":{"line":54,"column":9}},"33":{"start":{"line":53,"column":12},"end":{"line":53,"column":84}},"34":{"start":{"line":56,"column":4},"end":{"line":56,"column":30}}},"branchMap":{"1":{"line":15,"type":"if","locations":[{"start":{"line":15,"column":4},"end":{"line":15,"column":4}},{"start":{"line":15,"column":4},"end":{"line":15,"column":4}}]},"2":{"line":21,"type":"if","locations":[{"start":{"line":21,"column":4},"end":{"line":21,"column":4}},{"start":{"line":21,"column":4},"end":{"line":21,"column":4}}]},"3":{"line":26,"type":"if","locations":[{"start":{"line":26,"column":4},"end":{"line":26,"column":4}},{"start":{"line":26,"column":4},"end":{"line":26,"column":4}}]},"4":{"line":31,"type":"if","locations":[{"start":{"line":31,"column":8},"end":{"line":31,"column":8}},{"start":{"line":31,"column":8},"end":{"line":31,"column":8}}]},"5":{"line":34,"type":"if","locations":[{"start":{"line":34,"column":8},"end":{"line":34,"column":8}},{"start":{"line":34,"column":8},"end":{"line":34,"column":8}}]},"6":{"line":35,"type":"if","locations":[{"start":{"line":35,"column":12},"end":{"line":35,"column":12}},{"start":{"line":35,"column":12},"end":{"line":35,"column":12}}]},"7":{"line":40,"type":"if","locations":[{"start":{"line":40,"column":4},"end":{"line":40,"column":4}},{"start":{"line":40,"column":4},"end":{"line":40,"column":4}}]},"8":{"line":40,"type":"binary-expr","locations":[{"start":{"line":40,"column":7},"end":{"line":40,"column":20}},{"start":{"line":40,"column":24},"end":{"line":40,"column":39}}]},"9":{"line":52,"type":"if","locations":[{"start":{"line":52,"column":8},"end":{"line":52,"column":8}},{"start":{"line":52,"column":8},"end":{"line":52,"column":8}}]},"10":{"line":52,"type":"binary-expr","locations":[{"start":{"line":52,"column":12},"end":{"line":52,"column":70}},{"start":{"line":52,"column":74},"end":{"line":52,"column":130}}]}}},"C:\\Users\\Sean\\Documents\\My Web Sites\\Escalation\\lib\\utils\\DateUtil.js":{"path":"C:\\Users\\Sean\\Documents\\My Web Sites\\Escalation\\lib\\utils\\DateUtil.js","s":{"1":1,"2":16,"3":16,"4":16,"5":16,"6":6,"7":10,"8":1,"9":13,"10":13,"11":13,"12":13,"13":4,"14":9,"15":1,"16":21,"17":21,"18":21,"19":21,"20":4,"21":17,"22":1,"23":11,"24":11,"25":11,"26":11,"27":2,"28":9,"29":2,"30":7},"b":{"1":[6,10],"2":[4,9],"3":[4,17],"4":[2,9],"5":[11,4],"6":[2,7],"7":[9,7]},"f":{"1":16,"2":13,"3":21,"4":11},"fnMap":{"1":{"name":"(anonymous_1)","line":7,"loc":{"start":{"line":7,"column":17},"end":{"line":7,"column":41}}},"2":{"name":"(anonymous_2)","line":17,"loc":{"start":{"line":17,"column":16},"end":{"line":17,"column":40}}},"3":{"name":"(anonymous_3)","line":27,"loc":{"start":{"line":27,"column":16},"end":{"line":27,"column":40}}},"4":{"name":"(anonymous_4)","line":37,"loc":{"start":{"line":37,"column":18},"end":{"line":37,"column":49}}}},"statementMap":{"1":{"start":{"line":7,"column":0},"end":{"line":15,"column":2}},"2":{"start":{"line":8,"column":4},"end":{"line":8,"column":31}},"3":{"start":{"line":9,"column":4},"end":{"line":9,"column":31}},"4":{"start":{"line":10,"column":4},"end":{"line":10,"column":49}},"5":{"start":{"line":11,"column":4},"end":{"line":13,"column":5}},"6":{"start":{"line":12,"column":8},"end":{"line":12,"column":20}},"7":{"start":{"line":14,"column":4},"end":{"line":14,"column":17}},"8":{"start":{"line":17,"column":0},"end":{"line":25,"column":2}},"9":{"start":{"line":18,"column":4},"end":{"line":18,"column":31}},"10":{"start":{"line":19,"column":4},"end":{"line":19,"column":31}},"11":{"start":{"line":20,"column":4},"end":{"line":20,"column":49}},"12":{"start":{"line":21,"column":4},"end":{"line":23,"column":5}},"13":{"start":{"line":22,"column":8},"end":{"line":22,"column":20}},"14":{"start":{"line":24,"column":4},"end":{"line":24,"column":17}},"15":{"start":{"line":27,"column":0},"end":{"line":35,"column":2}},"16":{"start":{"line":28,"column":4},"end":{"line":28,"column":31}},"17":{"start":{"line":29,"column":4},"end":{"line":29,"column":31}},"18":{"start":{"line":30,"column":4},"end":{"line":30,"column":51}},"19":{"start":{"line":31,"column":4},"end":{"line":33,"column":5}},"20":{"start":{"line":32,"column":8},"end":{"line":32,"column":20}},"21":{"start":{"line":34,"column":4},"end":{"line":34,"column":17}},"22":{"start":{"line":37,"column":0},"end":{"line":48,"column":0}},"23":{"start":{"line":38,"column":4},"end":{"line":38,"column":31}},"24":{"start":{"line":39,"column":4},"end":{"line":39,"column":31}},"25":{"start":{"line":40,"column":4},"end":{"line":40,"column":31}},"26":{"start":{"line":41,"column":4},"end":{"line":45,"column":5}},"27":{"start":{"line":42,"column":8},"end":{"line":42,"column":20}},"28":{"start":{"line":43,"column":11},"end":{"line":45,"column":5}},"29":{"start":{"line":44,"column":8},"end":{"line":44,"column":20}},"30":{"start":{"line":46,"column":4},"end":{"line":46,"column":17}}},"branchMap":{"1":{"line":11,"type":"if","locations":[{"start":{"line":11,"column":4},"end":{"line":11,"column":4}},{"start":{"line":11,"column":4},"end":{"line":11,"column":4}}]},"2":{"line":21,"type":"if","locations":[{"start":{"line":21,"column":4},"end":{"line":21,"column":4}},{"start":{"line":21,"column":4},"end":{"line":21,"column":4}}]},"3":{"line":31,"type":"if","locations":[{"start":{"line":31,"column":4},"end":{"line":31,"column":4}},{"start":{"line":31,"column":4},"end":{"line":31,"column":4}}]},"4":{"line":41,"type":"if","locations":[{"start":{"line":41,"column":4},"end":{"line":41,"column":4}},{"start":{"line":41,"column":4},"end":{"line":41,"column":4}}]},"5":{"line":41,"type":"binary-expr","locations":[{"start":{"line":41,"column":7},"end":{"line":41,"column":32}},{"start":{"line":41,"column":36},"end":{"line":41,"column":60}}]},"6":{"line":43,"type":"if","locations":[{"start":{"line":43,"column":11},"end":{"line":43,"column":11}},{"start":{"line":43,"column":11},"end":{"line":43,"column":11}}]},"7":{"line":43,"type":"binary-expr","locations":[{"start":{"line":43,"column":15},"end":{"line":43,"column":39}},{"start":{"line":43,"column":43},"end":{"line":43,"column":67}}]}}},"C:\\Users\\Sean\\Documents\\My Web Sites\\Escalation\\routes\\Staff.js":{"path":"C:\\Users\\Sean\\Documents\\My Web Sites\\Escalation\\routes\\Staff.js","s":{"1":1,"2":1,"3":1,"4":1},"b":{},"f":{"1":1},"fnMap":{"1":{"name":"(anonymous_1)","line":3,"loc":{"start":{"line":3,"column":17},"end":{"line":3,"column":32}}}},"statementMap":{"1":{"start":{"line":1,"column":0},"end":{"line":3,"column":0}},"2":{"start":{"line":3,"column":0},"end":{"line":6,"column":2}},"3":{"start":{"line":4,"column":4},"end":{"line":4,"column":55}},"4":{"start":{"line":5,"column":4},"end":{"line":5,"column":61}}},"branchMap":{}},"C:\\Users\\Sean\\Documents\\My Web Sites\\Escalation\\routes\\Gui.js":{"path":"C:\\Users\\Sean\\Documents\\My Web Sites\\Escalation\\routes\\Gui.js","s":{"1":1,"2":1,"3":0,"4":1,"5":0,"6":1,"7":0,"8":0},"b":{},"f":{"1":1,"2":0,"3":0,"4":0},"fnMap":{"1":{"name":"(anonymous_1)","line":1,"loc":{"start":{"line":1,"column":17},"end":{"line":1,"column":32}}},"2":{"name":"(anonymous_2)","line":3,"loc":{"start":{"line":3,"column":17},"end":{"line":3,"column":37}}},"3":{"name":"(anonymous_3)","line":7,"loc":{"start":{"line":7,"column":38},"end":{"line":7,"column":58}}},"4":{"name":"(anonymous_4)","line":11,"loc":{"start":{"line":11,"column":31},"end":{"line":11,"column":51}}}},"statementMap":{"1":{"start":{"line":1,"column":0},"end":{"line":15,"column":2}},"2":{"start":{"line":3,"column":4},"end":{"line":5,"column":7}},"3":{"start":{"line":4,"column":8},"end":{"line":4,"column":29}},"4":{"start":{"line":7,"column":4},"end":{"line":9,"column":7}},"5":{"start":{"line":8,"column":8},"end":{"line":8,"column":29}},"6":{"start":{"line":11,"column":4},"end":{"line":14,"column":7}},"7":{"start":{"line":12,"column":8},"end":{"line":12,"column":35}},"8":{"start":{"line":13,"column":8},"end":{"line":13,"column":25}}},"branchMap":{}}}