TN:
SF:C:\Users\Sean\Documents\My Web Sites\Escalation\lib\controllers\ApplicationController.js
FN:15,(anonymous_1)
FN:18,(anonymous_2)
FN:27,(anonymous_3)
FN:31,(anonymous_4)
FN:32,(anonymous_5)
FN:46,(anonymous_6)
FN:52,(anonymous_7)
FN:65,(anonymous_8)
FN:70,(anonymous_9)
FN:83,(anonymous_10)
FN:87,(anonymous_11)
FN:100,(anonymous_12)
FN:103,(anonymous_13)
FN:116,(anonymous_14)
FN:118,(anonymous_15)
FN:127,(anonymous_16)
FN:128,(anonymous_17)
FN:137,(anonymous_18)
FN:139,(anonymous_19)
FN:145,(anonymous_20)
FN:148,(anonymous_21)
FN:156,(anonymous_22)
FN:160,(anonymous_23)
FN:177,(anonymous_24)
FN:181,(anonymous_25)
FN:198,(anonymous_26)
FN:202,(anonymous_27)
FN:219,(anonymous_28)
FN:223,(anonymous_29)
FNF:29
FNH:25
FNDA:25,(anonymous_1)
FNDA:25,(anonymous_2)
FNDA:2,(anonymous_3)
FNDA:2,(anonymous_4)
FNDA:4,(anonymous_5)
FNDA:16,(anonymous_6)
FNDA:16,(anonymous_7)
FNDA:3,(anonymous_8)
FNDA:3,(anonymous_9)
FNDA:1,(anonymous_10)
FNDA:1,(anonymous_11)
FNDA:6,(anonymous_12)
FNDA:6,(anonymous_13)
FNDA:2,(anonymous_14)
FNDA:2,(anonymous_15)
FNDA:1,(anonymous_16)
FNDA:1,(anonymous_17)
FNDA:1,(anonymous_18)
FNDA:1,(anonymous_19)
FNDA:2,(anonymous_20)
FNDA:2,(anonymous_21)
FNDA:2,(anonymous_22)
FNDA:2,(anonymous_23)
FNDA:1,(anonymous_24)
FNDA:1,(anonymous_25)
FNDA:0,(anonymous_26)
FNDA:0,(anonymous_27)
FNDA:0,(anonymous_28)
FNDA:0,(anonymous_29)
DA:1,1
DA:15,1
DA:16,25
DA:17,25
DA:18,25
DA:19,25
DA:27,1
DA:28,2
DA:32,2
DA:33,4
DA:36,2
DA:46,1
DA:47,16
DA:48,16
DA:49,16
DA:53,16
DA:54,9
DA:55,16
DA:65,1
DA:66,3
DA:67,3
DA:71,3
DA:72,2
DA:73,3
DA:83,1
DA:84,1
DA:88,1
DA:89,1
DA:90,1
DA:100,1
DA:101,6
DA:102,6
DA:103,6
DA:104,6
DA:105,3
DA:107,6
DA:116,1
DA:117,2
DA:118,2
DA:119,2
DA:127,1
DA:128,1
DA:129,1
DA:137,1
DA:138,1
DA:140,1
DA:145,1
DA:146,2
DA:147,2
DA:149,2
DA:150,1
DA:152,2
DA:156,1
DA:158,2
DA:159,2
DA:161,2
DA:162,0
DA:164,2
DA:165,2
DA:172,0
DA:177,1
DA:179,1
DA:180,1
DA:182,1
DA:183,1
DA:185,1
DA:186,1
DA:193,0
DA:198,1
DA:200,0
DA:201,0
DA:203,0
DA:204,0
DA:206,0
DA:207,0
DA:214,0
DA:219,1
DA:221,0
DA:222,0
DA:224,0
DA:225,0
DA:227,0
DA:228,0
DA:241,0
LF:84
LH:67
BRDA:47,1,0,16
BRDA:47,1,1,0
BRDA:53,2,0,9
BRDA:53,2,1,7
BRDA:66,3,0,3
BRDA:66,3,1,0
BRDA:71,4,0,2
BRDA:71,4,1,1
BRDA:88,5,0,1
BRDA:88,5,1,0
BRDA:102,6,0,6
BRDA:102,6,1,0
BRDA:104,7,0,3
BRDA:104,7,1,3
BRDA:149,8,0,1
BRDA:149,8,1,1
BRDA:161,9,0,0
BRDA:161,9,1,2
BRDA:164,10,0,2
BRDA:164,10,1,0
BRDA:182,11,0,1
BRDA:182,11,1,0
BRDA:185,12,0,1
BRDA:185,12,1,0
BRDA:203,13,0,0
BRDA:203,13,1,0
BRDA:206,14,0,0
BRDA:206,14,1,0
BRDA:224,15,0,0
BRDA:224,15,1,0
BRDA:227,16,0,0
BRDA:227,16,1,0
BRF:32
BRH:16
end_of_record
TN:
SF:C:\Users\Sean\Documents\My Web Sites\Escalation\lib\models\Application.js
FNF:0
FNH:0
DA:1,1
DA:4,1
DA:24,1
LF:3
LH:3
BRF:0
BRH:0
end_of_record
TN:
SF:C:\Users\Sean\Documents\My Web Sites\Escalation\lib\mappers\ApplicationMapper.js
FN:10,(anonymous_1)
FNF:1
FNH:1
FNDA:29,(anonymous_1)
DA:1,1
DA:10,1
DA:11,29
DA:12,29
DA:13,3
DA:14,29
DA:15,29
DA:16,29
DA:17,29
DA:18,8
DA:20,21
DA:22,29
DA:23,3
DA:25,26
DA:27,29
DA:28,6
DA:30,23
DA:32,29
LF:18
LH:18
BRDA:12,1,0,3
BRDA:12,1,1,26
BRDA:17,2,0,8
BRDA:17,2,1,21
BRDA:22,3,0,3
BRDA:22,3,1,26
BRDA:27,4,0,6
BRDA:27,4,1,23
BRF:8
BRH:8
end_of_record
TN:
SF:C:\Users\Sean\Documents\My Web Sites\Escalation\lib\controllers\StaffController.js
FN:14,(anonymous_1)
FN:16,(anonymous_2)
FN:26,(anonymous_3)
FN:27,(anonymous_4)
FN:37,(anonymous_5)
FN:39,(anonymous_6)
FN:51,(anonymous_7)
FN:53,(anonymous_8)
FN:65,(anonymous_9)
FN:67,(anonymous_10)
FN:80,(anonymous_11)
FN:81,(anonymous_12)
FN:90,(anonymous_13)
FN:91,(anonymous_14)
FNF:14
FNH:0
FNDA:0,(anonymous_1)
FNDA:0,(anonymous_2)
FNDA:0,(anonymous_3)
FNDA:0,(anonymous_4)
FNDA:0,(anonymous_5)
FNDA:0,(anonymous_6)
FNDA:0,(anonymous_7)
FNDA:0,(anonymous_8)
FNDA:0,(anonymous_9)
FNDA:0,(anonymous_10)
FNDA:0,(anonymous_11)
FNDA:0,(anonymous_12)
FNDA:0,(anonymous_13)
FNDA:0,(anonymous_14)
DA:1,1
DA:14,1
DA:15,0
DA:16,0
DA:17,0
DA:26,1
DA:27,0
DA:28,0
DA:37,1
DA:38,0
DA:39,0
DA:40,0
DA:51,1
DA:52,0
DA:53,0
DA:54,0
DA:65,1
DA:66,0
DA:67,0
DA:68,0
DA:69,0
DA:71,0
DA:80,1
DA:81,0
DA:82,0
DA:90,1
DA:91,0
DA:92,0
LF:28
LH:8
BRDA:38,1,0,0
BRDA:38,1,1,0
BRDA:52,2,0,0
BRDA:52,2,1,0
BRDA:68,3,0,0
BRDA:68,3,1,0
BRF:6
BRH:0
end_of_record
TN:
SF:C:\Users\Sean\Documents\My Web Sites\Escalation\lib\models\Staff.js
FNF:0
FNH:0
DA:1,1
DA:4,1
DA:9,1
LF:3
LH:3
BRF:0
BRH:0
end_of_record
TN:
SF:C:\Users\Sean\Documents\My Web Sites\Escalation\lib\mappers\StaffMapper.js
FN:10,(anonymous_1)
FNF:1
FNH:1
FNDA:1,(anonymous_1)
DA:1,1
DA:10,1
DA:11,1
DA:12,1
DA:13,1
DA:14,1
LF:6
LH:6
BRF:0
BRH:0
end_of_record
TN:
SF:C:\Users\Sean\Documents\My Web Sites\Escalation\app.js
FN:8,(anonymous_1)
FN:22,(anonymous_2)
FNF:2
FNH:2
FNDA:1,(anonymous_1)
FNDA:1,(anonymous_2)
DA:1,1
DA:6,1
DA:8,1
DA:9,1
DA:10,1
DA:11,1
DA:12,1
DA:14,1
DA:15,1
DA:16,1
DA:17,1
DA:18,1
DA:19,1
DA:22,1
DA:23,1
DA:26,1
DA:27,1
DA:28,1
DA:29,1
DA:31,1
LF:20
LH:20
BRDA:9,1,0,1
BRDA:9,1,1,1
BRF:2
BRH:2
end_of_record
TN:
SF:C:\Users\Sean\Documents\My Web Sites\Escalation\routes\twilio.js
FN:3,(anonymous_1)
FNF:1
FNH:1
FNDA:1,(anonymous_1)
DA:1,1
DA:3,1
DA:4,1
DA:5,1
DA:6,1
LF:5
LH:5
BRF:0
BRH:0
end_of_record
TN:
SF:C:\Users\Sean\Documents\My Web Sites\Escalation\lib\handlers\TwilioHandler.js
FN:15,(anonymous_1)
FN:24,(anonymous_2)
FN:28,(anonymous_3)
FN:73,(anonymous_4)
FN:82,(anonymous_5)
FN:92,(anonymous_6)
FN:96,(anonymous_7)
FN:118,(anonymous_8)
FN:124,(anonymous_9)
FN:133,(anonymous_10)
FN:150,handleTwilioError
FNF:11
FNH:0
FNDA:0,(anonymous_1)
FNDA:0,(anonymous_2)
FNDA:0,(anonymous_3)
FNDA:0,(anonymous_4)
FNDA:0,(anonymous_5)
FNDA:0,(anonymous_6)
FNDA:0,(anonymous_7)
FNDA:0,(anonymous_8)
FNDA:0,(anonymous_9)
FNDA:0,(anonymous_10)
FNDA:0,handleTwilioError
DA:1,1
DA:11,1
DA:13,1
DA:15,1
DA:16,0
DA:17,0
DA:18,0
DA:19,0
DA:20,0
DA:21,0
DA:23,0
DA:25,0
DA:26,0
DA:29,0
DA:30,0
DA:31,0
DA:32,0
DA:33,0
DA:34,0
DA:36,0
DA:37,0
DA:39,0
DA:40,0
DA:42,0
DA:43,0
DA:44,0
DA:45,0
DA:47,0
DA:48,0
DA:49,0
DA:50,0
DA:51,0
DA:53,0
DA:54,0
DA:56,0
DA:57,0
DA:58,0
DA:59,0
DA:60,0
DA:62,0
DA:63,0
DA:64,0
DA:65,0
DA:66,0
DA:68,0
DA:69,0
DA:70,0
DA:74,0
DA:75,0
DA:76,0
DA:82,1
DA:83,0
DA:84,0
DA:85,0
DA:86,0
DA:87,0
DA:89,0
DA:90,0
DA:91,0
DA:93,0
DA:94,0
DA:97,0
DA:98,0
DA:99,0
DA:101,0
DA:102,0
DA:104,0
DA:105,0
DA:106,0
DA:107,0
DA:108,0
DA:109,0
DA:112,0
DA:113,0
DA:119,0
DA:120,0
DA:121,0
DA:125,0
DA:129,0
DA:133,1
DA:134,0
DA:135,0
DA:137,0
DA:138,0
DA:139,0
DA:140,0
DA:141,0
DA:142,0
DA:143,0
DA:144,0
DA:146,0
DA:150,1
DA:151,0
DA:152,0
DA:153,0
DA:154,0
LF:96
LH:7
BRDA:29,1,0,0
BRDA:29,1,1,0
BRDA:89,2,0,0
BRDA:89,2,1,0
BRDA:89,3,0,0
BRDA:89,3,1,0
BRDA:120,4,0,0
BRDA:120,4,1,0
BRDA:138,5,0,0
BRDA:138,5,1,0
BRDA:138,6,0,0
BRDA:138,6,1,0
BRDA:138,6,2,0
BRF:13
BRH:0
end_of_record
TN:
SF:C:\Users\Sean\Documents\My Web Sites\Escalation\lib\formatters\PhoneFormatter.js
FN:6,(anonymous_1)
FN:19,(anonymous_2)
FN:29,right
FNF:3
FNH:3
FNDA:1,(anonymous_1)
FNDA:5,(anonymous_2)
FNDA:1,right
DA:6,1
DA:7,1
DA:9,1
DA:11,1
DA:12,1
DA:19,1
DA:21,5
DA:23,5
DA:25,5
DA:29,1
DA:30,1
LF:11
LH:11
BRF:0
BRH:0
end_of_record
TN:
SF:C:\Users\Sean\Documents\My Web Sites\Escalation\lib\twilio\TwimlGenerator.js
FN:4,(anonymous_1)
FN:8,(anonymous_2)
FN:12,(anonymous_3)
FN:30,(anonymous_4)
FN:34,(anonymous_5)
FN:51,(anonymous_6)
FN:55,(anonymous_7)
FN:84,(anonymous_8)
FN:91,(anonymous_9)
FN:95,(anonymous_10)
FNF:10
FNH:0
FNDA:0,(anonymous_1)
FNDA:0,(anonymous_2)
FNDA:0,(anonymous_3)
FNDA:0,(anonymous_4)
FNDA:0,(anonymous_5)
FNDA:0,(anonymous_6)
FNDA:0,(anonymous_7)
FNDA:0,(anonymous_8)
FNDA:0,(anonymous_9)
FNDA:0,(anonymous_10)
DA:1,1
DA:4,1
DA:5,0
DA:8,1
DA:9,0
DA:12,1
DA:13,0
DA:14,0
DA:15,0
DA:16,0
DA:17,0
DA:18,0
DA:19,0
DA:20,0
DA:21,0
DA:22,0
DA:23,0
DA:24,0
DA:27,0
DA:30,1
DA:31,0
DA:34,1
DA:35,0
DA:36,0
DA:37,0
DA:38,0
DA:39,0
DA:40,0
DA:41,0
DA:42,0
DA:43,0
DA:44,0
DA:45,0
DA:46,0
DA:48,0
DA:51,1
DA:52,0
DA:55,1
DA:56,0
DA:57,0
DA:58,0
DA:59,0
DA:60,0
DA:61,0
DA:62,0
DA:63,0
DA:64,0
DA:65,0
DA:66,0
DA:67,0
DA:68,0
DA:69,0
DA:70,0
DA:71,0
DA:72,0
DA:73,0
DA:74,0
DA:75,0
DA:77,0
DA:78,0
DA:80,0
DA:81,0
DA:84,1
DA:85,0
DA:86,0
DA:87,0
DA:88,0
DA:91,1
DA:92,0
DA:95,1
DA:96,0
DA:97,0
DA:98,0
LF:73
LH:11
BRDA:14,1,0,0
BRDA:14,1,1,0
BRDA:16,2,0,0
BRDA:16,2,1,0
BRDA:18,3,0,0
BRDA:18,3,1,0
BRDA:20,4,0,0
BRDA:20,4,1,0
BRDA:23,5,0,0
BRDA:23,5,1,0
BRDA:36,6,0,0
BRDA:36,6,1,0
BRDA:38,7,0,0
BRDA:38,7,1,0
BRDA:40,8,0,0
BRDA:40,8,1,0
BRDA:42,9,0,0
BRDA:42,9,1,0
BRDA:44,10,0,0
BRDA:44,10,1,0
BRDA:57,11,0,0
BRDA:57,11,1,0
BRDA:59,12,0,0
BRDA:59,12,1,0
BRDA:61,13,0,0
BRDA:61,13,1,0
BRDA:63,14,0,0
BRDA:63,14,1,0
BRDA:65,15,0,0
BRDA:65,15,1,0
BRDA:67,16,0,0
BRDA:67,16,1,0
BRDA:69,17,0,0
BRDA:69,17,1,0
BRDA:71,18,0,0
BRDA:71,18,1,0
BRDA:73,19,0,0
BRDA:73,19,1,0
BRDA:77,20,0,0
BRDA:77,20,1,0
BRF:40
BRH:0
end_of_record
TN:
SF:C:\Users\Sean\Documents\My Web Sites\Escalation\lib\twilio\Conference.js
FN:7,(anonymous_1)
FN:9,(anonymous_2)
FN:10,(anonymous_3)
FNF:3
FNH:0
FNDA:0,(anonymous_1)
FNDA:0,(anonymous_2)
FNDA:0,(anonymous_3)
DA:1,1
DA:3,1
DA:5,1
DA:7,1
DA:8,0
DA:9,0
DA:10,0
DA:12,0
DA:14,0
DA:15,0
DA:16,0
LF:11
LH:4
BRF:0
BRH:0
end_of_record
TN:
SF:C:\Users\Sean\Documents\My Web Sites\Escalation\routes\Application.js
FN:5,(anonymous_1)
FNF:1
FNH:1
FNDA:1,(anonymous_1)
DA:1,1
DA:5,1
DA:8,1
DA:9,1
DA:10,1
DA:11,1
DA:12,1
DA:16,1
DA:17,1
DA:18,1
DA:19,1
DA:20,1
DA:23,1
DA:24,1
DA:25,1
DA:26,1
DA:27,1
LF:17
LH:17
BRF:0
BRH:0
end_of_record
TN:
SF:C:\Users\Sean\Documents\My Web Sites\Escalation\lib\handlers\ApplicationHandler.js
FN:12,(anonymous_1)
FN:19,(anonymous_2)
FN:30,(anonymous_3)
FN:33,(anonymous_4)
FN:40,(anonymous_5)
FN:54,(anonymous_6)
FN:59,(anonymous_7)
FN:77,(anonymous_8)
FN:82,(anonymous_9)
FN:91,(anonymous_10)
FN:101,(anonymous_11)
FN:121,(anonymous_12)
FN:135,(anonymous_13)
FN:144,(anonymous_14)
FN:148,(anonymous_15)
FN:164,(anonymous_16)
FN:177,handleError
FNF:17
FNH:16
FNDA:5,(anonymous_1)
FNDA:2,(anonymous_2)
FNDA:1,(anonymous_3)
FNDA:1,(anonymous_4)
FNDA:2,(anonymous_5)
FNDA:1,(anonymous_6)
FNDA:1,(anonymous_7)
FNDA:3,(anonymous_8)
FNDA:3,(anonymous_9)
FNDA:2,(anonymous_10)
FNDA:1,(anonymous_11)
FNDA:0,(anonymous_12)
FNDA:1,(anonymous_13)
FNDA:3,(anonymous_14)
FNDA:2,(anonymous_15)
FNDA:1,(anonymous_16)
FNDA:7,handleError
DA:1,1
DA:12,1
DA:13,5
DA:14,5
DA:15,5
DA:17,5
DA:18,3
DA:20,2
DA:21,2
DA:22,2
DA:23,2
DA:24,2
DA:25,2
DA:26,2
DA:28,2
DA:31,1
DA:34,1
DA:35,1
DA:36,1
DA:37,1
DA:38,1
DA:41,2
DA:44,2
DA:45,2
DA:46,1
DA:47,1
DA:48,1
DA:50,2
DA:54,1
DA:55,1
DA:57,1
DA:59,1
DA:60,1
DA:61,1
DA:62,0
DA:63,0
DA:65,1
DA:66,1
DA:68,1
DA:69,1
DA:72,0
DA:73,0
DA:77,1
DA:78,3
DA:79,3
DA:80,3
DA:81,3
DA:83,3
DA:84,1
DA:87,2
DA:88,2
DA:90,2
DA:91,2
DA:92,2
DA:93,1
DA:94,1
DA:95,1
DA:96,1
DA:99,1
DA:100,1
DA:101,1
DA:102,1
DA:103,0
DA:104,1
DA:105,1
DA:106,1
DA:107,1
DA:108,1
DA:111,0
DA:114,1
DA:117,0
DA:118,0
DA:119,0
DA:120,0
DA:121,0
DA:122,0
DA:123,0
DA:124,0
DA:125,0
DA:126,0
DA:127,0
DA:128,0
DA:131,0
DA:136,1
DA:139,0
DA:140,0
DA:144,1
DA:145,3
DA:146,3
DA:147,3
DA:148,2
DA:149,2
DA:150,2
DA:151,1
DA:152,1
DA:153,1
DA:154,1
DA:156,1
DA:157,1
DA:160,0
DA:164,1
DA:165,1
DA:166,1
DA:167,1
DA:168,1
DA:169,1
DA:171,0
DA:177,1
DA:178,7
DA:179,7
DA:180,7
DA:181,7
DA:182,7
LF:113
LH:90
BRDA:17,1,0,3
BRDA:17,1,1,2
BRDA:17,2,0,5
BRDA:17,2,1,4
BRDA:24,3,0,2
BRDA:24,3,1,0
BRDA:45,4,0,1
BRDA:45,4,1,1
BRDA:47,5,0,1
BRDA:47,5,1,0
BRDA:57,6,0,1
BRDA:57,6,1,0
BRDA:61,7,0,0
BRDA:61,7,1,1
BRDA:79,8,0,3
BRDA:79,8,1,0
BRDA:83,9,0,1
BRDA:83,9,1,2
BRDA:90,10,0,2
BRDA:90,10,1,0
BRDA:92,11,0,1
BRDA:92,11,1,1
BRDA:95,12,0,1
BRDA:95,12,1,0
BRDA:102,13,0,0
BRDA:102,13,1,1
BRDA:117,14,0,0
BRDA:117,14,1,0
BRDA:122,15,0,0
BRDA:122,15,1,0
BRDA:147,16,0,2
BRDA:147,16,1,1
BRDA:149,17,0,2
BRDA:149,17,1,0
BRDA:150,18,0,1
BRDA:150,18,1,1
BRDA:165,19,0,1
BRDA:165,19,1,0
BRF:38
BRH:24
end_of_record
TN:
SF:C:\Users\Sean\Documents\My Web Sites\Escalation\lib\validators\PhoneValidator.js
FN:6,(anonymous_1)
FNF:1
FNH:1
FNDA:12,(anonymous_1)
DA:6,1
DA:7,12
DA:13,12
DA:14,5
DA:16,7
DA:19,12
LF:6
LH:6
BRDA:13,1,0,5
BRDA:13,1,1,7
BRF:2
BRH:2
end_of_record
TN:
SF:C:\Users\Sean\Documents\My Web Sites\Escalation\lib\validators\ApplicationValidator.js
FN:7,(anonymous_1)
FN:15,(anonymous_2)
FNF:2
FNH:2
FNDA:5,(anonymous_1)
FNDA:4,(anonymous_2)
DA:1,1
DA:7,1
DA:8,5
DA:10,5
DA:11,1
DA:13,5
DA:15,4
DA:16,4
DA:17,2
DA:19,4
DA:22,1
LF:11
LH:11
BRDA:10,1,0,1
BRDA:10,1,1,4
BRDA:10,2,0,5
BRDA:10,2,1,4
BRDA:13,3,0,4
BRDA:13,3,1,1
BRDA:16,4,0,2
BRDA:16,4,1,2
BRF:8
BRH:8
end_of_record
TN:
SF:C:\Users\Sean\Documents\My Web Sites\Escalation\lib\handlers\StaffHandler.js
FN:12,(anonymous_1)
FN:18,(anonymous_2)
FN:30,(anonymous_3)
FN:34,(anonymous_4)
FN:41,(anonymous_5)
FN:44,(anonymous_6)
FN:49,(anonymous_7)
FN:54,(anonymous_8)
FN:60,(anonymous_9)
FN:64,(anonymous_10)
FN:69,(anonymous_11)
FN:74,(anonymous_12)
FN:93,(anonymous_13)
FN:99,(anonymous_14)
FN:110,(anonymous_15)
FN:114,(anonymous_16)
FN:121,(anonymous_17)
FN:126,(anonymous_18)
FN:130,(anonymous_19)
FN:146,(anonymous_20)
FN:155,(anonymous_21)
FN:166,(anonymous_22)
FN:170,(anonymous_23)
FN:178,(anonymous_24)
FN:185,(anonymous_25)
FN:198,(anonymous_26)
FN:202,(anonymous_27)
FN:218,(anonymous_28)
FN:223,(anonymous_29)
FN:243,(anonymous_30)
FN:252,handleError
FN:260,findStaffMember
FN:262,(anonymous_33)
FNF:33
FNH:0
FNDA:0,(anonymous_1)
FNDA:0,(anonymous_2)
FNDA:0,(anonymous_3)
FNDA:0,(anonymous_4)
FNDA:0,(anonymous_5)
FNDA:0,(anonymous_6)
FNDA:0,(anonymous_7)
FNDA:0,(anonymous_8)
FNDA:0,(anonymous_9)
FNDA:0,(anonymous_10)
FNDA:0,(anonymous_11)
FNDA:0,(anonymous_12)
FNDA:0,(anonymous_13)
FNDA:0,(anonymous_14)
FNDA:0,(anonymous_15)
FNDA:0,(anonymous_16)
FNDA:0,(anonymous_17)
FNDA:0,(anonymous_18)
FNDA:0,(anonymous_19)
FNDA:0,(anonymous_20)
FNDA:0,(anonymous_21)
FNDA:0,(anonymous_22)
FNDA:0,(anonymous_23)
FNDA:0,(anonymous_24)
FNDA:0,(anonymous_25)
FNDA:0,(anonymous_26)
FNDA:0,(anonymous_27)
FNDA:0,(anonymous_28)
FNDA:0,(anonymous_29)
FNDA:0,(anonymous_30)
FNDA:0,handleError
FNDA:0,findStaffMember
FNDA:0,(anonymous_33)
DA:1,1
DA:12,1
DA:13,0
DA:14,0
DA:15,0
DA:17,0
DA:18,0
DA:19,0
DA:20,0
DA:22,0
DA:23,0
DA:25,0
DA:26,0
DA:27,0
DA:28,0
DA:29,0
DA:31,0
DA:32,0
DA:35,0
DA:36,0
DA:37,0
DA:38,0
DA:39,0
DA:40,0
DA:42,0
DA:46,0
DA:47,0
DA:50,0
DA:51,0
DA:52,0
DA:55,0
DA:58,0
DA:59,0
DA:61,0
DA:62,0
DA:65,0
DA:66,0
DA:67,0
DA:70,0
DA:75,0
DA:78,0
DA:79,0
DA:80,0
DA:81,0
DA:82,0
DA:83,0
DA:88,0
DA:89,0
DA:93,1
DA:94,0
DA:95,0
DA:96,0
DA:98,0
DA:99,0
DA:100,0
DA:101,0
DA:103,0
DA:104,0
DA:106,0
DA:107,0
DA:108,0
DA:109,0
DA:111,0
DA:112,0
DA:113,0
DA:115,0
DA:116,0
DA:118,0
DA:119,0
DA:122,0
DA:123,0
DA:124,0
DA:127,0
DA:131,0
DA:134,0
DA:135,0
DA:136,0
DA:141,0
DA:142,0
DA:146,1
DA:147,0
DA:148,0
DA:149,0
DA:151,0
DA:152,0
DA:154,0
DA:155,0
DA:156,0
DA:157,0
DA:159,0
DA:160,0
DA:162,0
DA:163,0
DA:164,0
DA:165,0
DA:167,0
DA:168,0
DA:169,0
DA:171,0
DA:172,0
DA:174,0
DA:176,0
DA:179,0
DA:181,0
DA:182,0
DA:184,0
DA:185,0
DA:186,0
DA:187,0
DA:188,0
DA:189,0
DA:190,0
DA:191,0
DA:192,0
DA:195,0
DA:199,0
DA:203,0
DA:206,0
DA:207,0
DA:208,0
DA:213,0
DA:214,0
DA:218,1
DA:219,0
DA:220,0
DA:221,0
DA:222,0
DA:224,0
DA:225,0
DA:228,0
DA:229,0
DA:230,0
DA:231,0
DA:232,0
DA:234,0
DA:237,0
DA:239,0
DA:240,0
DA:241,0
DA:244,0
DA:247,0
DA:248,0
DA:252,1
DA:253,0
DA:254,0
DA:255,0
DA:256,0
DA:257,0
DA:260,1
DA:261,0
DA:262,0
DA:263,0
DA:264,0
DA:267,0
LF:154
LH:7
BRDA:17,1,0,0
BRDA:17,1,1,0
BRDA:19,2,0,0
BRDA:19,2,1,0
BRDA:22,3,0,0
BRDA:22,3,1,0
BRDA:28,4,0,0
BRDA:28,4,1,0
BRDA:28,5,0,0
BRDA:28,5,1,0
BRDA:35,6,0,0
BRDA:35,6,1,0
BRDA:78,7,0,0
BRDA:78,7,1,0
BRDA:81,8,0,0
BRDA:81,8,1,0
BRDA:98,9,0,0
BRDA:98,9,1,0
BRDA:100,10,0,0
BRDA:100,10,1,0
BRDA:103,11,0,0
BRDA:103,11,1,0
BRDA:108,12,0,0
BRDA:108,12,1,0
BRDA:115,13,0,0
BRDA:115,13,1,0
BRDA:134,14,0,0
BRDA:134,14,1,0
BRDA:154,15,0,0
BRDA:154,15,1,0
BRDA:156,16,0,0
BRDA:156,16,1,0
BRDA:159,17,0,0
BRDA:159,17,1,0
BRDA:164,18,0,0
BRDA:164,18,1,0
BRDA:171,19,0,0
BRDA:171,19,1,0
BRDA:186,20,0,0
BRDA:186,20,1,0
BRDA:206,21,0,0
BRDA:206,21,1,0
BRDA:221,22,0,0
BRDA:221,22,1,0
BRDA:224,23,0,0
BRDA:224,23,1,0
BRDA:229,24,0,0
BRDA:229,24,1,0
BRDA:231,25,0,0
BRDA:231,25,1,0
BRDA:263,26,0,0
BRDA:263,26,1,0
BRF:52
BRH:0
end_of_record
TN:
SF:C:\Users\Sean\Documents\My Web Sites\Escalation\lib\validators\StaffValidator.js
FN:4,(anonymous_1)
FNF:1
FNH:1
FNDA:3,(anonymous_1)
DA:4,1
DA:5,3
DA:7,3
DA:8,2
DA:9,2
DA:11,1
LF:6
LH:6
BRDA:7,1,0,2
BRDA:7,1,1,1
BRDA:7,2,0,3
BRDA:7,2,1,1
BRF:4
BRH:4
end_of_record
TN:
SF:C:\Users\Sean\Documents\My Web Sites\Escalation\lib\handlers\SegmentHandler.js
FN:10,(anonymous_1)
FN:16,(anonymous_2)
FN:64,(anonymous_3)
FN:70,(anonymous_4)
FN:82,(anonymous_5)
FN:87,(anonymous_6)
FN:106,(anonymous_7)
FN:115,(anonymous_8)
FN:126,(anonymous_9)
FN:130,(anonymous_10)
FN:138,(anonymous_11)
FN:145,(anonymous_12)
FN:158,(anonymous_13)
FN:162,(anonymous_14)
FN:178,(anonymous_15)
FN:183,(anonymous_16)
FN:203,(anonymous_17)
FN:212,handleError
FN:220,findStaffMember
FN:222,(anonymous_20)
FN:230,findSegment
FN:232,(anonymous_22)
FNF:22
FNH:0
FNDA:0,(anonymous_1)
FNDA:0,(anonymous_2)
FNDA:0,(anonymous_3)
FNDA:0,(anonymous_4)
FNDA:0,(anonymous_5)
FNDA:0,(anonymous_6)
FNDA:0,(anonymous_7)
FNDA:0,(anonymous_8)
FNDA:0,(anonymous_9)
FNDA:0,(anonymous_10)
FNDA:0,(anonymous_11)
FNDA:0,(anonymous_12)
FNDA:0,(anonymous_13)
FNDA:0,(anonymous_14)
FNDA:0,(anonymous_15)
FNDA:0,(anonymous_16)
FNDA:0,(anonymous_17)
FNDA:0,handleError
FNDA:0,findStaffMember
FNDA:0,(anonymous_20)
FNDA:0,findSegment
FNDA:0,(anonymous_22)
DA:1,1
DA:10,1
DA:11,0
DA:12,0
DA:13,0
DA:15,0
DA:16,0
DA:17,0
DA:18,0
DA:20,0
DA:21,0
DA:23,0
DA:24,0
DA:25,0
DA:26,0
DA:27,0
DA:28,0
DA:46,0
DA:47,0
DA:48,0
DA:49,0
DA:50,0
DA:51,0
DA:52,0
DA:53,0
DA:54,0
DA:59,0
DA:60,0
DA:64,1
DA:65,0
DA:66,0
DA:67,0
DA:69,0
DA:70,0
DA:71,0
DA:72,0
DA:74,0
DA:75,0
DA:77,0
DA:78,0
DA:79,0
DA:80,0
DA:81,0
DA:83,0
DA:84,0
DA:85,0
DA:88,0
DA:91,0
DA:92,0
DA:93,0
DA:97,0
DA:101,0
DA:102,0
DA:106,1
DA:107,0
DA:108,0
DA:109,0
DA:111,0
DA:112,0
DA:114,0
DA:115,0
DA:116,0
DA:117,0
DA:119,0
DA:120,0
DA:122,0
DA:123,0
DA:124,0
DA:125,0
DA:127,0
DA:128,0
DA:129,0
DA:131,0
DA:132,0
DA:134,0
DA:136,0
DA:139,0
DA:141,0
DA:142,0
DA:144,0
DA:145,0
DA:146,0
DA:147,0
DA:148,0
DA:149,0
DA:150,0
DA:151,0
DA:152,0
DA:155,0
DA:159,0
DA:163,0
DA:166,0
DA:167,0
DA:168,0
DA:173,0
DA:174,0
DA:178,1
DA:179,0
DA:180,0
DA:181,0
DA:182,0
DA:184,0
DA:185,0
DA:188,0
DA:189,0
DA:190,0
DA:191,0
DA:192,0
DA:194,0
DA:197,0
DA:199,0
DA:200,0
DA:201,0
DA:204,0
DA:207,0
DA:208,0
DA:212,1
DA:213,0
DA:214,0
DA:215,0
DA:216,0
DA:217,0
DA:220,1
DA:221,0
DA:222,0
DA:223,0
DA:224,0
DA:227,0
DA:230,1
DA:231,0
DA:232,0
DA:233,0
DA:234,0
DA:237,0
LF:134
LH:8
BRDA:15,1,0,0
BRDA:15,1,1,0
BRDA:17,2,0,0
BRDA:17,2,1,0
BRDA:20,3,0,0
BRDA:20,3,1,0
BRDA:28,4,0,0
BRDA:28,4,1,0
BRDA:28,5,0,0
BRDA:28,5,1,0
BRDA:28,5,2,0
BRDA:46,6,0,0
BRDA:46,6,1,0
BRDA:49,7,0,0
BRDA:49,7,1,0
BRDA:52,8,0,0
BRDA:52,8,1,0
BRDA:69,9,0,0
BRDA:69,9,1,0
BRDA:71,10,0,0
BRDA:71,10,1,0
BRDA:74,11,0,0
BRDA:74,11,1,0
BRDA:80,12,0,0
BRDA:80,12,1,0
BRDA:91,13,0,0
BRDA:91,13,1,0
BRDA:114,14,0,0
BRDA:114,14,1,0
BRDA:116,15,0,0
BRDA:116,15,1,0
BRDA:119,16,0,0
BRDA:119,16,1,0
BRDA:124,17,0,0
BRDA:124,17,1,0
BRDA:131,18,0,0
BRDA:131,18,1,0
BRDA:146,19,0,0
BRDA:146,19,1,0
BRDA:166,20,0,0
BRDA:166,20,1,0
BRDA:181,21,0,0
BRDA:181,21,1,0
BRDA:184,22,0,0
BRDA:184,22,1,0
BRDA:189,23,0,0
BRDA:189,23,1,0
BRDA:191,24,0,0
BRDA:191,24,1,0
BRDA:223,25,0,0
BRDA:223,25,1,0
BRDA:233,26,0,0
BRDA:233,26,1,0
BRF:53
BRH:0
end_of_record
TN:
SF:C:\Users\Sean\Documents\My Web Sites\Escalation\lib\validators\SegmentValidator.js
FN:8,(anonymous_1)
FN:30,(anonymous_2)
FN:46,(anonymous_3)
FNF:3
FNH:3
FNDA:4,(anonymous_1)
FNDA:6,(anonymous_2)
FNDA:4,(anonymous_3)
DA:1,1
DA:8,1
DA:9,4
DA:10,4
DA:12,4
DA:13,4
DA:15,4
DA:16,0
DA:17,0
DA:18,0
DA:21,4
DA:22,1
DA:23,1
DA:24,1
DA:26,3
DA:27,1
DA:30,3
DA:31,6
DA:32,3
DA:34,6
DA:35,2
DA:36,0
DA:40,3
DA:41,1
DA:42,1
DA:43,1
DA:46,2
DA:47,4
DA:48,4
DA:49,4
DA:50,4
DA:52,4
DA:53,2
DA:56,2
LF:34
LH:30
BRDA:15,1,0,0
BRDA:15,1,1,4
BRDA:21,2,0,1
BRDA:21,2,1,3
BRDA:26,3,0,1
BRDA:26,3,1,2
BRDA:31,4,0,3
BRDA:31,4,1,3
BRDA:34,5,0,2
BRDA:34,5,1,4
BRDA:35,6,0,0
BRDA:35,6,1,2
BRDA:40,7,0,1
BRDA:40,7,1,2
BRDA:40,8,0,3
BRDA:40,8,1,3
BRDA:52,9,0,2
BRDA:52,9,1,2
BRDA:52,10,0,4
BRDA:52,10,1,3
BRF:20
BRH:18
end_of_record
TN:
SF:C:\Users\Sean\Documents\My Web Sites\Escalation\lib\utils\DateUtil.js
FN:7,(anonymous_1)
FN:17,(anonymous_2)
FN:27,(anonymous_3)
FN:37,(anonymous_4)
FNF:4
FNH:4
FNDA:16,(anonymous_1)
FNDA:13,(anonymous_2)
FNDA:21,(anonymous_3)
FNDA:11,(anonymous_4)
DA:7,1
DA:8,16
DA:9,16
DA:10,16
DA:11,16
DA:12,6
DA:14,10
DA:17,1
DA:18,13
DA:19,13
DA:20,13
DA:21,13
DA:22,4
DA:24,9
DA:27,1
DA:28,21
DA:29,21
DA:30,21
DA:31,21
DA:32,4
DA:34,17
DA:37,1
DA:38,11
DA:39,11
DA:40,11
DA:41,11
DA:42,2
DA:43,9
DA:44,2
DA:46,7
LF:30
LH:30
BRDA:11,1,0,6
BRDA:11,1,1,10
BRDA:21,2,0,4
BRDA:21,2,1,9
BRDA:31,3,0,4
BRDA:31,3,1,17
BRDA:41,4,0,2
BRDA:41,4,1,9
BRDA:41,5,0,11
BRDA:41,5,1,4
BRDA:43,6,0,2
BRDA:43,6,1,7
BRDA:43,7,0,9
BRDA:43,7,1,7
BRF:14
BRH:14
end_of_record
TN:
SF:C:\Users\Sean\Documents\My Web Sites\Escalation\routes\Staff.js
FN:3,(anonymous_1)
FNF:1
FNH:1
FNDA:1,(anonymous_1)
DA:1,1
DA:3,1
DA:4,1
DA:5,1
LF:4
LH:4
BRF:0
BRH:0
end_of_record
TN:
SF:C:\Users\Sean\Documents\My Web Sites\Escalation\routes\Gui.js
FN:1,(anonymous_1)
FN:3,(anonymous_2)
FN:7,(anonymous_3)
FN:11,(anonymous_4)
FNF:4
FNH:1
FNDA:1,(anonymous_1)
FNDA:0,(anonymous_2)
FNDA:0,(anonymous_3)
FNDA:0,(anonymous_4)
DA:1,1
DA:3,1
DA:4,0
DA:7,1
DA:8,0
DA:11,1
DA:12,0
DA:13,0
LF:8
LH:4
BRF:0
BRH:0
end_of_record
